CRITICAL - 2024-01-11 01:39:21 --> Error: Call to undefined function validation_list_errors()
in APPPATH\Views\sayfalar\login.php on line 6.
 1 SYSTEMPATH\View\View.php(228): include()
 2 SYSTEMPATH\View\View.php(231): CodeIgniter\View\View->CodeIgniter\View\{closure}()
 3 SYSTEMPATH\Common.php(1178): CodeIgniter\View\View->render('sayfalar/login', [], true)
 4 APPPATH\Controllers\Anasayfa.php(14): view('sayfalar/login')
 5 SYSTEMPATH\CodeIgniter.php(941): App\Controllers\Anasayfa->login()
 6 SYSTEMPATH\CodeIgniter.php(502): CodeIgniter\CodeIgniter->runController(Object(App\Controllers\Anasayfa))
 7 SYSTEMPATH\CodeIgniter.php(361): CodeIgniter\CodeIgniter->handleRequest(null, Object(Config\Cache), false)
 8 FCPATH\index.php(79): CodeIgniter\CodeIgniter->run()
CRITICAL - 2024-01-11 01:39:22 --> Error: Call to undefined function validation_list_errors()
in APPPATH\Views\sayfalar\login.php on line 6.
 1 SYSTEMPATH\View\View.php(228): include()
 2 SYSTEMPATH\View\View.php(231): CodeIgniter\View\View->CodeIgniter\View\{closure}()
 3 SYSTEMPATH\Common.php(1178): CodeIgniter\View\View->render('sayfalar/login', [], true)
 4 APPPATH\Controllers\Anasayfa.php(14): view('sayfalar/login')
 5 SYSTEMPATH\CodeIgniter.php(941): App\Controllers\Anasayfa->login()
 6 SYSTEMPATH\CodeIgniter.php(502): CodeIgniter\CodeIgniter->runController(Object(App\Controllers\Anasayfa))
 7 SYSTEMPATH\CodeIgniter.php(361): CodeIgniter\CodeIgniter->handleRequest(null, Object(Config\Cache), false)
 8 FCPATH\index.php(79): CodeIgniter\CodeIgniter->run()
CRITICAL - 2024-01-11 01:39:23 --> Error: Call to undefined function validation_list_errors()
in APPPATH\Views\sayfalar\login.php on line 6.
 1 SYSTEMPATH\View\View.php(228): include()
 2 SYSTEMPATH\View\View.php(231): CodeIgniter\View\View->CodeIgniter\View\{closure}()
 3 SYSTEMPATH\Common.php(1178): CodeIgniter\View\View->render('sayfalar/login', [], true)
 4 APPPATH\Controllers\Anasayfa.php(14): view('sayfalar/login')
 5 SYSTEMPATH\CodeIgniter.php(941): App\Controllers\Anasayfa->login()
 6 SYSTEMPATH\CodeIgniter.php(502): CodeIgniter\CodeIgniter->runController(Object(App\Controllers\Anasayfa))
 7 SYSTEMPATH\CodeIgniter.php(361): CodeIgniter\CodeIgniter->handleRequest(null, Object(Config\Cache), false)
 8 FCPATH\index.php(79): CodeIgniter\CodeIgniter->run()
CRITICAL - 2024-01-11 01:39:23 --> Error: Call to undefined function validation_list_errors()
in APPPATH\Views\sayfalar\login.php on line 6.
 1 SYSTEMPATH\View\View.php(228): include()
 2 SYSTEMPATH\View\View.php(231): CodeIgniter\View\View->CodeIgniter\View\{closure}()
 3 SYSTEMPATH\Common.php(1178): CodeIgniter\View\View->render('sayfalar/login', [], true)
 4 APPPATH\Controllers\Anasayfa.php(14): view('sayfalar/login')
 5 SYSTEMPATH\CodeIgniter.php(941): App\Controllers\Anasayfa->login()
 6 SYSTEMPATH\CodeIgniter.php(502): CodeIgniter\CodeIgniter->runController(Object(App\Controllers\Anasayfa))
 7 SYSTEMPATH\CodeIgniter.php(361): CodeIgniter\CodeIgniter->handleRequest(null, Object(Config\Cache), false)
 8 FCPATH\index.php(79): CodeIgniter\CodeIgniter->run()
CRITICAL - 2024-01-11 01:39:23 --> Error: Call to undefined function validation_list_errors()
in APPPATH\Views\sayfalar\login.php on line 6.
 1 SYSTEMPATH\View\View.php(228): include()
 2 SYSTEMPATH\View\View.php(231): CodeIgniter\View\View->CodeIgniter\View\{closure}()
 3 SYSTEMPATH\Common.php(1178): CodeIgniter\View\View->render('sayfalar/login', [], true)
 4 APPPATH\Controllers\Anasayfa.php(14): view('sayfalar/login')
 5 SYSTEMPATH\CodeIgniter.php(941): App\Controllers\Anasayfa->login()
 6 SYSTEMPATH\CodeIgniter.php(502): CodeIgniter\CodeIgniter->runController(Object(App\Controllers\Anasayfa))
 7 SYSTEMPATH\CodeIgniter.php(361): CodeIgniter\CodeIgniter->handleRequest(null, Object(Config\Cache), false)
 8 FCPATH\index.php(79): CodeIgniter\CodeIgniter->run()
CRITICAL - 2024-01-11 01:39:24 --> Error: Call to undefined function validation_list_errors()
in APPPATH\Views\sayfalar\login.php on line 6.
 1 SYSTEMPATH\View\View.php(228): include()
 2 SYSTEMPATH\View\View.php(231): CodeIgniter\View\View->CodeIgniter\View\{closure}()
 3 SYSTEMPATH\Common.php(1178): CodeIgniter\View\View->render('sayfalar/login', [], true)
 4 APPPATH\Controllers\Anasayfa.php(14): view('sayfalar/login')
 5 SYSTEMPATH\CodeIgniter.php(941): App\Controllers\Anasayfa->login()
 6 SYSTEMPATH\CodeIgniter.php(502): CodeIgniter\CodeIgniter->runController(Object(App\Controllers\Anasayfa))
 7 SYSTEMPATH\CodeIgniter.php(361): CodeIgniter\CodeIgniter->handleRequest(null, Object(Config\Cache), false)
 8 FCPATH\index.php(79): CodeIgniter\CodeIgniter->run()
CRITICAL - 2024-01-11 01:39:24 --> Error: Call to undefined function validation_list_errors()
in APPPATH\Views\sayfalar\login.php on line 6.
 1 SYSTEMPATH\View\View.php(228): include()
 2 SYSTEMPATH\View\View.php(231): CodeIgniter\View\View->CodeIgniter\View\{closure}()
 3 SYSTEMPATH\Common.php(1178): CodeIgniter\View\View->render('sayfalar/login', [], true)
 4 APPPATH\Controllers\Anasayfa.php(14): view('sayfalar/login')
 5 SYSTEMPATH\CodeIgniter.php(941): App\Controllers\Anasayfa->login()
 6 SYSTEMPATH\CodeIgniter.php(502): CodeIgniter\CodeIgniter->runController(Object(App\Controllers\Anasayfa))
 7 SYSTEMPATH\CodeIgniter.php(361): CodeIgniter\CodeIgniter->handleRequest(null, Object(Config\Cache), false)
 8 FCPATH\index.php(79): CodeIgniter\CodeIgniter->run()
CRITICAL - 2024-01-11 01:39:24 --> Error: Call to undefined function validation_list_errors()
in APPPATH\Views\sayfalar\login.php on line 6.
 1 SYSTEMPATH\View\View.php(228): include()
 2 SYSTEMPATH\View\View.php(231): CodeIgniter\View\View->CodeIgniter\View\{closure}()
 3 SYSTEMPATH\Common.php(1178): CodeIgniter\View\View->render('sayfalar/login', [], true)
 4 APPPATH\Controllers\Anasayfa.php(14): view('sayfalar/login')
 5 SYSTEMPATH\CodeIgniter.php(941): App\Controllers\Anasayfa->login()
 6 SYSTEMPATH\CodeIgniter.php(502): CodeIgniter\CodeIgniter->runController(Object(App\Controllers\Anasayfa))
 7 SYSTEMPATH\CodeIgniter.php(361): CodeIgniter\CodeIgniter->handleRequest(null, Object(Config\Cache), false)
 8 FCPATH\index.php(79): CodeIgniter\CodeIgniter->run()
CRITICAL - 2024-01-11 01:39:29 --> Error: Call to undefined function validation_list_errors()
in APPPATH\Views\sayfalar\login.php on line 6.
 1 SYSTEMPATH\View\View.php(228): include()
 2 SYSTEMPATH\View\View.php(231): CodeIgniter\View\View->CodeIgniter\View\{closure}()
 3 SYSTEMPATH\Common.php(1178): CodeIgniter\View\View->render('sayfalar/login', [], true)
 4 APPPATH\Controllers\Anasayfa.php(14): view('sayfalar/login')
 5 SYSTEMPATH\CodeIgniter.php(941): App\Controllers\Anasayfa->login()
 6 SYSTEMPATH\CodeIgniter.php(502): CodeIgniter\CodeIgniter->runController(Object(App\Controllers\Anasayfa))
 7 SYSTEMPATH\CodeIgniter.php(361): CodeIgniter\CodeIgniter->handleRequest(null, Object(Config\Cache), false)
 8 FCPATH\index.php(79): CodeIgniter\CodeIgniter->run()
INFO - 2024-01-11 02:16:44 --> Session: Class initialized using 'CodeIgniter\Session\Handlers\FileHandler' driver.
INFO - 2024-01-11 02:16:49 --> CSRF token verified.
INFO - 2024-01-11 02:16:49 --> Session: Class initialized using 'CodeIgniter\Session\Handlers\FileHandler' driver.
CRITICAL - 2024-01-11 02:16:49 --> Error: Call to a member function where() on null
in APPPATH\Controllers\Anasayfa.php on line 66.
 1 SYSTEMPATH\CodeIgniter.php(941): App\Controllers\Anasayfa->login()
 2 SYSTEMPATH\CodeIgniter.php(502): CodeIgniter\CodeIgniter->runController(Object(App\Controllers\Anasayfa))
 3 SYSTEMPATH\CodeIgniter.php(361): CodeIgniter\CodeIgniter->handleRequest(null, Object(Config\Cache), false)
 4 FCPATH\index.php(79): CodeIgniter\CodeIgniter->run()
INFO - 2024-01-11 02:16:51 --> Session: Class initialized using 'CodeIgniter\Session\Handlers\FileHandler' driver.
INFO - 2024-01-11 02:17:02 --> CSRF token verified.
INFO - 2024-01-11 02:17:02 --> Session: Class initialized using 'CodeIgniter\Session\Handlers\FileHandler' driver.
CRITICAL - 2024-01-11 02:17:02 --> Error: Call to a member function where() on null
in APPPATH\Controllers\Anasayfa.php on line 66.
 1 SYSTEMPATH\CodeIgniter.php(941): App\Controllers\Anasayfa->login()
 2 SYSTEMPATH\CodeIgniter.php(502): CodeIgniter\CodeIgniter->runController(Object(App\Controllers\Anasayfa))
 3 SYSTEMPATH\CodeIgniter.php(361): CodeIgniter\CodeIgniter->handleRequest(null, Object(Config\Cache), false)
 4 FCPATH\index.php(79): CodeIgniter\CodeIgniter->run()
INFO - 2024-01-11 02:21:54 --> Session: Class initialized using 'CodeIgniter\Session\Handlers\FileHandler' driver.
INFO - 2024-01-11 02:22:06 --> CSRF token verified.
INFO - 2024-01-11 02:22:06 --> Session: Class initialized using 'CodeIgniter\Session\Handlers\FileHandler' driver.
CRITICAL - 2024-01-11 02:22:06 --> Error: Call to a member function where() on null
in APPPATH\Controllers\Anasayfa.php on line 66.
 1 SYSTEMPATH\CodeIgniter.php(941): App\Controllers\Anasayfa->login()
 2 SYSTEMPATH\CodeIgniter.php(502): CodeIgniter\CodeIgniter->runController(Object(App\Controllers\Anasayfa))
 3 SYSTEMPATH\CodeIgniter.php(361): CodeIgniter\CodeIgniter->handleRequest(null, Object(Config\Cache), false)
 4 FCPATH\index.php(79): CodeIgniter\CodeIgniter->run()
INFO - 2024-01-11 02:30:27 --> Session: Class initialized using 'CodeIgniter\Session\Handlers\FileHandler' driver.
INFO - 2024-01-11 02:30:29 --> Session: Class initialized using 'CodeIgniter\Session\Handlers\FileHandler' driver.
INFO - 2024-01-11 02:30:33 --> CSRF token verified.
INFO - 2024-01-11 02:30:33 --> Session: Class initialized using 'CodeIgniter\Session\Handlers\FileHandler' driver.
CRITICAL - 2024-01-11 02:30:33 --> Error: Call to a member function where() on null
in APPPATH\Controllers\Anasayfa.php on line 66.
 1 SYSTEMPATH\CodeIgniter.php(941): App\Controllers\Anasayfa->login()
 2 SYSTEMPATH\CodeIgniter.php(502): CodeIgniter\CodeIgniter->runController(Object(App\Controllers\Anasayfa))
 3 SYSTEMPATH\CodeIgniter.php(361): CodeIgniter\CodeIgniter->handleRequest(null, Object(Config\Cache), false)
 4 FCPATH\index.php(79): CodeIgniter\CodeIgniter->run()
INFO - 2024-01-11 02:30:35 --> Session: Class initialized using 'CodeIgniter\Session\Handlers\FileHandler' driver.
INFO - 2024-01-11 02:30:49 --> CSRF token verified.
INFO - 2024-01-11 02:30:49 --> Session: Class initialized using 'CodeIgniter\Session\Handlers\FileHandler' driver.
CRITICAL - 2024-01-11 02:30:49 --> Error: Call to a member function where() on null
in APPPATH\Controllers\Anasayfa.php on line 66.
 1 SYSTEMPATH\CodeIgniter.php(941): App\Controllers\Anasayfa->login()
 2 SYSTEMPATH\CodeIgniter.php(502): CodeIgniter\CodeIgniter->runController(Object(App\Controllers\Anasayfa))
 3 SYSTEMPATH\CodeIgniter.php(361): CodeIgniter\CodeIgniter->handleRequest(null, Object(Config\Cache), false)
 4 FCPATH\index.php(79): CodeIgniter\CodeIgniter->run()
INFO - 2024-01-11 02:32:08 --> Session: Class initialized using 'CodeIgniter\Session\Handlers\FileHandler' driver.
INFO - 2024-01-11 02:32:14 --> CSRF token verified.
INFO - 2024-01-11 02:32:14 --> Session: Class initialized using 'CodeIgniter\Session\Handlers\FileHandler' driver.
CRITICAL - 2024-01-11 02:32:14 --> Error: Call to a member function where() on null
in APPPATH\Controllers\Anasayfa.php on line 66.
 1 SYSTEMPATH\CodeIgniter.php(941): App\Controllers\Anasayfa->login()
 2 SYSTEMPATH\CodeIgniter.php(502): CodeIgniter\CodeIgniter->runController(Object(App\Controllers\Anasayfa))
 3 SYSTEMPATH\CodeIgniter.php(361): CodeIgniter\CodeIgniter->handleRequest(null, Object(Config\Cache), false)
 4 FCPATH\index.php(79): CodeIgniter\CodeIgniter->run()
INFO - 2024-01-11 02:32:16 --> Session: Class initialized using 'CodeIgniter\Session\Handlers\FileHandler' driver.
INFO - 2024-01-11 02:46:59 --> Session: Class initialized using 'CodeIgniter\Session\Handlers\FileHandler' driver.
INFO - 2024-01-11 02:47:02 --> Session: Class initialized using 'CodeIgniter\Session\Handlers\FileHandler' driver.
INFO - 2024-01-11 02:47:03 --> Session: Class initialized using 'CodeIgniter\Session\Handlers\FileHandler' driver.
INFO - 2024-01-11 02:47:11 --> Session: Class initialized using 'CodeIgniter\Session\Handlers\FileHandler' driver.
INFO - 2024-01-11 02:47:16 --> Session: Class initialized using 'CodeIgniter\Session\Handlers\FileHandler' driver.
INFO - 2024-01-11 02:47:19 --> Session: Class initialized using 'CodeIgniter\Session\Handlers\FileHandler' driver.
INFO - 2024-01-11 02:47:20 --> Session: Class initialized using 'CodeIgniter\Session\Handlers\FileHandler' driver.
INFO - 2024-01-11 02:47:22 --> Session: Class initialized using 'CodeIgniter\Session\Handlers\FileHandler' driver.
INFO - 2024-01-11 02:47:23 --> Session: Class initialized using 'CodeIgniter\Session\Handlers\FileHandler' driver.
INFO - 2024-01-11 02:47:52 --> Session: Class initialized using 'CodeIgniter\Session\Handlers\FileHandler' driver.
INFO - 2024-01-11 02:47:54 --> Session: Class initialized using 'CodeIgniter\Session\Handlers\FileHandler' driver.
INFO - 2024-01-11 02:47:57 --> Session: Class initialized using 'CodeIgniter\Session\Handlers\FileHandler' driver.
INFO - 2024-01-11 02:48:04 --> Session: Class initialized using 'CodeIgniter\Session\Handlers\FileHandler' driver.
INFO - 2024-01-11 02:48:06 --> Session: Class initialized using 'CodeIgniter\Session\Handlers\FileHandler' driver.
INFO - 2024-01-11 02:48:08 --> Session: Class initialized using 'CodeIgniter\Session\Handlers\FileHandler' driver.
INFO - 2024-01-11 02:48:10 --> Session: Class initialized using 'CodeIgniter\Session\Handlers\FileHandler' driver.
CRITICAL - 2024-01-11 02:48:11 --> Error: Call to a member function kayitlar() on null
in APPPATH\Controllers\Anasayfa.php on line 15.
 1 SYSTEMPATH\CodeIgniter.php(941): App\Controllers\Anasayfa->index()
 2 SYSTEMPATH\CodeIgniter.php(502): CodeIgniter\CodeIgniter->runController(Object(App\Controllers\Anasayfa))
 3 SYSTEMPATH\CodeIgniter.php(361): CodeIgniter\CodeIgniter->handleRequest(null, Object(Config\Cache), false)
 4 FCPATH\index.php(79): CodeIgniter\CodeIgniter->run()
CRITICAL - 2024-01-11 02:48:16 --> Error: Call to a member function kayitlar() on null
in APPPATH\Controllers\Anasayfa.php on line 15.
 1 SYSTEMPATH\CodeIgniter.php(941): App\Controllers\Anasayfa->index()
 2 SYSTEMPATH\CodeIgniter.php(502): CodeIgniter\CodeIgniter->runController(Object(App\Controllers\Anasayfa))
 3 SYSTEMPATH\CodeIgniter.php(361): CodeIgniter\CodeIgniter->handleRequest(null, Object(Config\Cache), false)
 4 FCPATH\index.php(79): CodeIgniter\CodeIgniter->run()
CRITICAL - 2024-01-11 02:48:32 --> Error: Call to a member function kayitlar() on null
in APPPATH\Controllers\Anasayfa.php on line 15.
 1 SYSTEMPATH\CodeIgniter.php(941): App\Controllers\Anasayfa->index()
 2 SYSTEMPATH\CodeIgniter.php(502): CodeIgniter\CodeIgniter->runController(Object(App\Controllers\Anasayfa))
 3 SYSTEMPATH\CodeIgniter.php(361): CodeIgniter\CodeIgniter->handleRequest(null, Object(Config\Cache), false)
 4 FCPATH\index.php(79): CodeIgniter\CodeIgniter->run()
CRITICAL - 2024-01-11 02:50:32 --> Error: Call to a member function kayitlar() on null
in APPPATH\Controllers\Anasayfa.php on line 15.
 1 SYSTEMPATH\CodeIgniter.php(941): App\Controllers\Anasayfa->index()
 2 SYSTEMPATH\CodeIgniter.php(502): CodeIgniter\CodeIgniter->runController(Object(App\Controllers\Anasayfa))
 3 SYSTEMPATH\CodeIgniter.php(361): CodeIgniter\CodeIgniter->handleRequest(null, Object(Config\Cache), false)
 4 FCPATH\index.php(79): CodeIgniter\CodeIgniter->run()
CRITICAL - 2024-01-11 03:05:12 --> Error: Call to a member function kayitlar() on null
in APPPATH\Controllers\Anasayfa.php on line 15.
 1 SYSTEMPATH\CodeIgniter.php(941): App\Controllers\Anasayfa->index()
 2 SYSTEMPATH\CodeIgniter.php(502): CodeIgniter\CodeIgniter->runController(Object(App\Controllers\Anasayfa))
 3 SYSTEMPATH\CodeIgniter.php(361): CodeIgniter\CodeIgniter->handleRequest(null, Object(Config\Cache), false)
 4 FCPATH\index.php(79): CodeIgniter\CodeIgniter->run()
CRITICAL - 2024-01-11 03:12:14 --> Error: Call to a member function kayitlar() on null
in APPPATH\Controllers\Anasayfa.php on line 15.
 1 SYSTEMPATH\CodeIgniter.php(941): App\Controllers\Anasayfa->index()
 2 SYSTEMPATH\CodeIgniter.php(502): CodeIgniter\CodeIgniter->runController(Object(App\Controllers\Anasayfa))
 3 SYSTEMPATH\CodeIgniter.php(361): CodeIgniter\CodeIgniter->handleRequest(null, Object(Config\Cache), false)
 4 FCPATH\index.php(79): CodeIgniter\CodeIgniter->run()
CRITICAL - 2024-01-11 03:14:44 --> Error: Call to a member function kayitlar() on null
in APPPATH\Controllers\Anasayfa.php on line 16.
 1 SYSTEMPATH\CodeIgniter.php(941): App\Controllers\Anasayfa->index()
 2 SYSTEMPATH\CodeIgniter.php(502): CodeIgniter\CodeIgniter->runController(Object(App\Controllers\Anasayfa))
 3 SYSTEMPATH\CodeIgniter.php(361): CodeIgniter\CodeIgniter->handleRequest(null, Object(Config\Cache), false)
 4 FCPATH\index.php(79): CodeIgniter\CodeIgniter->run()
CRITICAL - 2024-01-11 03:24:55 --> Error: Class "App\Models\AnasayfaModel" not found
in APPPATH\Controllers\Anasayfa.php on line 15.
 1 SYSTEMPATH\CodeIgniter.php(941): App\Controllers\Anasayfa->index()
 2 SYSTEMPATH\CodeIgniter.php(502): CodeIgniter\CodeIgniter->runController(Object(App\Controllers\Anasayfa))
 3 SYSTEMPATH\CodeIgniter.php(361): CodeIgniter\CodeIgniter->handleRequest(null, Object(Config\Cache), false)
 4 FCPATH\index.php(79): CodeIgniter\CodeIgniter->run()
CRITICAL - 2024-01-11 03:24:57 --> Error: Class "App\Models\AnasayfaModel" not found
in APPPATH\Controllers\Anasayfa.php on line 15.
 1 SYSTEMPATH\CodeIgniter.php(941): App\Controllers\Anasayfa->index()
 2 SYSTEMPATH\CodeIgniter.php(502): CodeIgniter\CodeIgniter->runController(Object(App\Controllers\Anasayfa))
 3 SYSTEMPATH\CodeIgniter.php(361): CodeIgniter\CodeIgniter->handleRequest(null, Object(Config\Cache), false)
 4 FCPATH\index.php(79): CodeIgniter\CodeIgniter->run()
CRITICAL - 2024-01-11 03:28:01 --> Error: Class "App\Models\AnasayfaModel" not found
in APPPATH\Controllers\Anasayfa.php on line 15.
 1 SYSTEMPATH\CodeIgniter.php(941): App\Controllers\Anasayfa->index()
 2 SYSTEMPATH\CodeIgniter.php(502): CodeIgniter\CodeIgniter->runController(Object(App\Controllers\Anasayfa))
 3 SYSTEMPATH\CodeIgniter.php(361): CodeIgniter\CodeIgniter->handleRequest(null, Object(Config\Cache), false)
 4 FCPATH\index.php(79): CodeIgniter\CodeIgniter->run()
CRITICAL - 2024-01-11 10:08:06 --> Error: Class "App\Models\AnasayfaModel" not found
in APPPATH\Controllers\Anasayfa.php on line 15.
 1 SYSTEMPATH\CodeIgniter.php(941): App\Controllers\Anasayfa->index()
 2 SYSTEMPATH\CodeIgniter.php(502): CodeIgniter\CodeIgniter->runController(Object(App\Controllers\Anasayfa))
 3 SYSTEMPATH\CodeIgniter.php(361): CodeIgniter\CodeIgniter->handleRequest(null, Object(Config\Cache), false)
 4 FCPATH\index.php(79): CodeIgniter\CodeIgniter->run()
INFO - 2024-01-11 10:08:17 --> Session: Class initialized using 'CodeIgniter\Session\Handlers\FileHandler' driver.
CRITICAL - 2024-01-11 10:08:41 --> Error: Class "App\Models\AnasayfaModel" not found
in APPPATH\Controllers\Anasayfa.php on line 15.
 1 SYSTEMPATH\CodeIgniter.php(941): App\Controllers\Anasayfa->index()
 2 SYSTEMPATH\CodeIgniter.php(502): CodeIgniter\CodeIgniter->runController(Object(App\Controllers\Anasayfa))
 3 SYSTEMPATH\CodeIgniter.php(361): CodeIgniter\CodeIgniter->handleRequest(null, Object(Config\Cache), false)
 4 FCPATH\index.php(79): CodeIgniter\CodeIgniter->run()
INFO - 2024-01-11 10:08:43 --> Session: Class initialized using 'CodeIgniter\Session\Handlers\FileHandler' driver.
INFO - 2024-01-11 10:08:45 --> Session: Class initialized using 'CodeIgniter\Session\Handlers\FileHandler' driver.
INFO - 2024-01-11 10:08:57 --> CSRF token verified.
INFO - 2024-01-11 10:08:57 --> Session: Class initialized using 'CodeIgniter\Session\Handlers\FileHandler' driver.
CRITICAL - 2024-01-11 10:08:57 --> Error: Class "App\Models\AnasayfaModel" not found
in APPPATH\Controllers\Anasayfa.php on line 57.
 1 SYSTEMPATH\CodeIgniter.php(941): App\Controllers\Anasayfa->login()
 2 SYSTEMPATH\CodeIgniter.php(502): CodeIgniter\CodeIgniter->runController(Object(App\Controllers\Anasayfa))
 3 SYSTEMPATH\CodeIgniter.php(361): CodeIgniter\CodeIgniter->handleRequest(null, Object(Config\Cache), false)
 4 FCPATH\index.php(79): CodeIgniter\CodeIgniter->run()
INFO - 2024-01-11 10:08:59 --> Session: Class initialized using 'CodeIgniter\Session\Handlers\FileHandler' driver.
INFO - 2024-01-11 10:09:16 --> CSRF token verified.
INFO - 2024-01-11 10:09:16 --> Session: Class initialized using 'CodeIgniter\Session\Handlers\FileHandler' driver.
CRITICAL - 2024-01-11 10:09:16 --> Error: Class "App\Models\AnasayfaModel" not found
in APPPATH\Controllers\Anasayfa.php on line 57.
 1 SYSTEMPATH\CodeIgniter.php(941): App\Controllers\Anasayfa->login()
 2 SYSTEMPATH\CodeIgniter.php(502): CodeIgniter\CodeIgniter->runController(Object(App\Controllers\Anasayfa))
 3 SYSTEMPATH\CodeIgniter.php(361): CodeIgniter\CodeIgniter->handleRequest(null, Object(Config\Cache), false)
 4 FCPATH\index.php(79): CodeIgniter\CodeIgniter->run()
INFO - 2024-01-11 10:13:28 --> CSRF token verified.
INFO - 2024-01-11 10:13:28 --> Session: Class initialized using 'CodeIgniter\Session\Handlers\FileHandler' driver.
INFO - 2024-01-11 10:13:29 --> Session: Class initialized using 'CodeIgniter\Session\Handlers\FileHandler' driver.
ERROR - 2024-01-11 10:13:32 --> mysqli_sql_exception: Table 'gezegenler.tanrilar' doesn't exist in D:\Uygulamalar\Wamp\www\gezegenler\system\Database\MySQLi\Connection.php:306
Stack trace:
#0 D:\Uygulamalar\Wamp\www\gezegenler\system\Database\MySQLi\Connection.php(306): mysqli->query('SELECT *\nFROM `...', 0)
#1 D:\Uygulamalar\Wamp\www\gezegenler\system\Database\BaseConnection.php(693): CodeIgniter\Database\MySQLi\Connection->execute('SELECT *\nFROM `...')
#2 D:\Uygulamalar\Wamp\www\gezegenler\system\Database\BaseConnection.php(607): CodeIgniter\Database\BaseConnection->simpleQuery('SELECT *\nFROM `...')
#3 D:\Uygulamalar\Wamp\www\gezegenler\system\Database\BaseBuilder.php(1613): CodeIgniter\Database\BaseConnection->query('SELECT *\nFROM `...', Array, false)
#4 D:\Uygulamalar\Wamp\www\gezegenler\system\Model.php(242): CodeIgniter\Database\BaseBuilder->get()
#5 D:\Uygulamalar\Wamp\www\gezegenler\system\BaseModel.php(638): CodeIgniter\Model->doFindAll(0, 0)
#6 D:\Uygulamalar\Wamp\www\gezegenler\app\Models\AnasayfaModel.php(15): CodeIgniter\BaseModel->findAll()
#7 D:\Uygulamalar\Wamp\www\gezegenler\app\Controllers\Anasayfa.php(15): App\Models\AnasayfaModel->kayitlar()
#8 D:\Uygulamalar\Wamp\www\gezegenler\system\CodeIgniter.php(941): App\Controllers\Anasayfa->index()
#9 D:\Uygulamalar\Wamp\www\gezegenler\system\CodeIgniter.php(502): CodeIgniter\CodeIgniter->runController(Object(App\Controllers\Anasayfa))
#10 D:\Uygulamalar\Wamp\www\gezegenler\system\CodeIgniter.php(361): CodeIgniter\CodeIgniter->handleRequest(NULL, Object(Config\Cache), false)
#11 D:\Uygulamalar\Wamp\www\gezegenler\public\index.php(79): CodeIgniter\CodeIgniter->run()
#12 {main}
CRITICAL - 2024-01-11 10:13:32 --> CodeIgniter\Database\Exceptions\DatabaseException: Table 'gezegenler.tanrilar' doesn't exist
in SYSTEMPATH\Database\BaseConnection.php on line 647.
 1 SYSTEMPATH\Database\BaseBuilder.php(1613): CodeIgniter\Database\BaseConnection->query('SELECT *
FROM `tanrilar`', [], false)
 2 SYSTEMPATH\Model.php(242): CodeIgniter\Database\BaseBuilder->get()
 3 SYSTEMPATH\BaseModel.php(638): CodeIgniter\Model->doFindAll(0, 0)
 4 APPPATH\Models\AnasayfaModel.php(15): CodeIgniter\BaseModel->findAll()
 5 APPPATH\Controllers\Anasayfa.php(15): App\Models\AnasayfaModel->kayitlar()
 6 SYSTEMPATH\CodeIgniter.php(941): App\Controllers\Anasayfa->index()
 7 SYSTEMPATH\CodeIgniter.php(502): CodeIgniter\CodeIgniter->runController(Object(App\Controllers\Anasayfa))
 8 SYSTEMPATH\CodeIgniter.php(361): CodeIgniter\CodeIgniter->handleRequest(null, Object(Config\Cache), false)
 9 FCPATH\index.php(79): CodeIgniter\CodeIgniter->run()
CRITICAL - 2024-01-11 10:13:32 --> [Caused by] CodeIgniter\Database\Exceptions\DatabaseException: Table 'gezegenler.tanrilar' doesn't exist
in SYSTEMPATH\Database\MySQLi\Connection.php on line 311.
 1 SYSTEMPATH\Database\BaseConnection.php(693): CodeIgniter\Database\MySQLi\Connection->execute('SELECT *
FROM `tanrilar`')
 2 SYSTEMPATH\Database\BaseConnection.php(607): CodeIgniter\Database\BaseConnection->simpleQuery('SELECT *
FROM `tanrilar`')
 3 SYSTEMPATH\Database\BaseBuilder.php(1613): CodeIgniter\Database\BaseConnection->query('SELECT *
FROM `tanrilar`', [], false)
 4 SYSTEMPATH\Model.php(242): CodeIgniter\Database\BaseBuilder->get()
 5 SYSTEMPATH\BaseModel.php(638): CodeIgniter\Model->doFindAll(0, 0)
 6 APPPATH\Models\AnasayfaModel.php(15): CodeIgniter\BaseModel->findAll()
 7 APPPATH\Controllers\Anasayfa.php(15): App\Models\AnasayfaModel->kayitlar()
 8 SYSTEMPATH\CodeIgniter.php(941): App\Controllers\Anasayfa->index()
 9 SYSTEMPATH\CodeIgniter.php(502): CodeIgniter\CodeIgniter->runController(Object(App\Controllers\Anasayfa))
10 SYSTEMPATH\CodeIgniter.php(361): CodeIgniter\CodeIgniter->handleRequest(null, Object(Config\Cache), false)
11 FCPATH\index.php(79): CodeIgniter\CodeIgniter->run()
CRITICAL - 2024-01-11 10:13:32 --> [Caused by] mysqli_sql_exception: Table 'gezegenler.tanrilar' doesn't exist
in SYSTEMPATH\Database\MySQLi\Connection.php on line 306.
 1 SYSTEMPATH\Database\MySQLi\Connection.php(306): mysqli->query('SELECT *
FROM `tanrilar`', 0)
 2 SYSTEMPATH\Database\BaseConnection.php(693): CodeIgniter\Database\MySQLi\Connection->execute('SELECT *
FROM `tanrilar`')
 3 SYSTEMPATH\Database\BaseConnection.php(607): CodeIgniter\Database\BaseConnection->simpleQuery('SELECT *
FROM `tanrilar`')
 4 SYSTEMPATH\Database\BaseBuilder.php(1613): CodeIgniter\Database\BaseConnection->query('SELECT *
FROM `tanrilar`', [], false)
 5 SYSTEMPATH\Model.php(242): CodeIgniter\Database\BaseBuilder->get()
 6 SYSTEMPATH\BaseModel.php(638): CodeIgniter\Model->doFindAll(0, 0)
 7 APPPATH\Models\AnasayfaModel.php(15): CodeIgniter\BaseModel->findAll()
 8 APPPATH\Controllers\Anasayfa.php(15): App\Models\AnasayfaModel->kayitlar()
 9 SYSTEMPATH\CodeIgniter.php(941): App\Controllers\Anasayfa->index()
10 SYSTEMPATH\CodeIgniter.php(502): CodeIgniter\CodeIgniter->runController(Object(App\Controllers\Anasayfa))
11 SYSTEMPATH\CodeIgniter.php(361): CodeIgniter\CodeIgniter->handleRequest(null, Object(Config\Cache), false)
12 FCPATH\index.php(79): CodeIgniter\CodeIgniter->run()
INFO - 2024-01-11 10:13:34 --> Session: Class initialized using 'CodeIgniter\Session\Handlers\FileHandler' driver.
ERROR - 2024-01-11 10:13:38 --> mysqli_sql_exception: Table 'gezegenler.tanrilar' doesn't exist in D:\Uygulamalar\Wamp\www\gezegenler\system\Database\MySQLi\Connection.php:306
Stack trace:
#0 D:\Uygulamalar\Wamp\www\gezegenler\system\Database\MySQLi\Connection.php(306): mysqli->query('SELECT *\nFROM `...', 0)
#1 D:\Uygulamalar\Wamp\www\gezegenler\system\Database\BaseConnection.php(693): CodeIgniter\Database\MySQLi\Connection->execute('SELECT *\nFROM `...')
#2 D:\Uygulamalar\Wamp\www\gezegenler\system\Database\BaseConnection.php(607): CodeIgniter\Database\BaseConnection->simpleQuery('SELECT *\nFROM `...')
#3 D:\Uygulamalar\Wamp\www\gezegenler\system\Database\BaseBuilder.php(1613): CodeIgniter\Database\BaseConnection->query('SELECT *\nFROM `...', Array, false)
#4 D:\Uygulamalar\Wamp\www\gezegenler\system\Model.php(242): CodeIgniter\Database\BaseBuilder->get()
#5 D:\Uygulamalar\Wamp\www\gezegenler\system\BaseModel.php(638): CodeIgniter\Model->doFindAll(0, 0)
#6 D:\Uygulamalar\Wamp\www\gezegenler\app\Models\AnasayfaModel.php(15): CodeIgniter\BaseModel->findAll()
#7 D:\Uygulamalar\Wamp\www\gezegenler\app\Controllers\Anasayfa.php(15): App\Models\AnasayfaModel->kayitlar()
#8 D:\Uygulamalar\Wamp\www\gezegenler\system\CodeIgniter.php(941): App\Controllers\Anasayfa->index()
#9 D:\Uygulamalar\Wamp\www\gezegenler\system\CodeIgniter.php(502): CodeIgniter\CodeIgniter->runController(Object(App\Controllers\Anasayfa))
#10 D:\Uygulamalar\Wamp\www\gezegenler\system\CodeIgniter.php(361): CodeIgniter\CodeIgniter->handleRequest(NULL, Object(Config\Cache), false)
#11 D:\Uygulamalar\Wamp\www\gezegenler\public\index.php(79): CodeIgniter\CodeIgniter->run()
#12 {main}
CRITICAL - 2024-01-11 10:13:38 --> CodeIgniter\Database\Exceptions\DatabaseException: Table 'gezegenler.tanrilar' doesn't exist
in SYSTEMPATH\Database\BaseConnection.php on line 647.
 1 SYSTEMPATH\Database\BaseBuilder.php(1613): CodeIgniter\Database\BaseConnection->query('SELECT *
FROM `tanrilar`', [], false)
 2 SYSTEMPATH\Model.php(242): CodeIgniter\Database\BaseBuilder->get()
 3 SYSTEMPATH\BaseModel.php(638): CodeIgniter\Model->doFindAll(0, 0)
 4 APPPATH\Models\AnasayfaModel.php(15): CodeIgniter\BaseModel->findAll()
 5 APPPATH\Controllers\Anasayfa.php(15): App\Models\AnasayfaModel->kayitlar()
 6 SYSTEMPATH\CodeIgniter.php(941): App\Controllers\Anasayfa->index()
 7 SYSTEMPATH\CodeIgniter.php(502): CodeIgniter\CodeIgniter->runController(Object(App\Controllers\Anasayfa))
 8 SYSTEMPATH\CodeIgniter.php(361): CodeIgniter\CodeIgniter->handleRequest(null, Object(Config\Cache), false)
 9 FCPATH\index.php(79): CodeIgniter\CodeIgniter->run()
CRITICAL - 2024-01-11 10:13:38 --> [Caused by] CodeIgniter\Database\Exceptions\DatabaseException: Table 'gezegenler.tanrilar' doesn't exist
in SYSTEMPATH\Database\MySQLi\Connection.php on line 311.
 1 SYSTEMPATH\Database\BaseConnection.php(693): CodeIgniter\Database\MySQLi\Connection->execute('SELECT *
FROM `tanrilar`')
 2 SYSTEMPATH\Database\BaseConnection.php(607): CodeIgniter\Database\BaseConnection->simpleQuery('SELECT *
FROM `tanrilar`')
 3 SYSTEMPATH\Database\BaseBuilder.php(1613): CodeIgniter\Database\BaseConnection->query('SELECT *
FROM `tanrilar`', [], false)
 4 SYSTEMPATH\Model.php(242): CodeIgniter\Database\BaseBuilder->get()
 5 SYSTEMPATH\BaseModel.php(638): CodeIgniter\Model->doFindAll(0, 0)
 6 APPPATH\Models\AnasayfaModel.php(15): CodeIgniter\BaseModel->findAll()
 7 APPPATH\Controllers\Anasayfa.php(15): App\Models\AnasayfaModel->kayitlar()
 8 SYSTEMPATH\CodeIgniter.php(941): App\Controllers\Anasayfa->index()
 9 SYSTEMPATH\CodeIgniter.php(502): CodeIgniter\CodeIgniter->runController(Object(App\Controllers\Anasayfa))
10 SYSTEMPATH\CodeIgniter.php(361): CodeIgniter\CodeIgniter->handleRequest(null, Object(Config\Cache), false)
11 FCPATH\index.php(79): CodeIgniter\CodeIgniter->run()
CRITICAL - 2024-01-11 10:13:38 --> [Caused by] mysqli_sql_exception: Table 'gezegenler.tanrilar' doesn't exist
in SYSTEMPATH\Database\MySQLi\Connection.php on line 306.
 1 SYSTEMPATH\Database\MySQLi\Connection.php(306): mysqli->query('SELECT *
FROM `tanrilar`', 0)
 2 SYSTEMPATH\Database\BaseConnection.php(693): CodeIgniter\Database\MySQLi\Connection->execute('SELECT *
FROM `tanrilar`')
 3 SYSTEMPATH\Database\BaseConnection.php(607): CodeIgniter\Database\BaseConnection->simpleQuery('SELECT *
FROM `tanrilar`')
 4 SYSTEMPATH\Database\BaseBuilder.php(1613): CodeIgniter\Database\BaseConnection->query('SELECT *
FROM `tanrilar`', [], false)
 5 SYSTEMPATH\Model.php(242): CodeIgniter\Database\BaseBuilder->get()
 6 SYSTEMPATH\BaseModel.php(638): CodeIgniter\Model->doFindAll(0, 0)
 7 APPPATH\Models\AnasayfaModel.php(15): CodeIgniter\BaseModel->findAll()
 8 APPPATH\Controllers\Anasayfa.php(15): App\Models\AnasayfaModel->kayitlar()
 9 SYSTEMPATH\CodeIgniter.php(941): App\Controllers\Anasayfa->index()
10 SYSTEMPATH\CodeIgniter.php(502): CodeIgniter\CodeIgniter->runController(Object(App\Controllers\Anasayfa))
11 SYSTEMPATH\CodeIgniter.php(361): CodeIgniter\CodeIgniter->handleRequest(null, Object(Config\Cache), false)
12 FCPATH\index.php(79): CodeIgniter\CodeIgniter->run()
INFO - 2024-01-11 10:13:41 --> Session: Class initialized using 'CodeIgniter\Session\Handlers\FileHandler' driver.
INFO - 2024-01-11 10:13:42 --> Session: Class initialized using 'CodeIgniter\Session\Handlers\FileHandler' driver.
INFO - 2024-01-11 10:13:44 --> Session: Class initialized using 'CodeIgniter\Session\Handlers\FileHandler' driver.
INFO - 2024-01-11 10:13:44 --> Session: Class initialized using 'CodeIgniter\Session\Handlers\FileHandler' driver.
INFO - 2024-01-11 10:14:06 --> CSRF token verified.
INFO - 2024-01-11 10:14:06 --> Session: Class initialized using 'CodeIgniter\Session\Handlers\FileHandler' driver.
INFO - 2024-01-11 10:14:06 --> Session: Class initialized using 'CodeIgniter\Session\Handlers\FileHandler' driver.
INFO - 2024-01-11 10:14:09 --> Session: Class initialized using 'CodeIgniter\Session\Handlers\FileHandler' driver.
INFO - 2024-01-11 10:14:09 --> Session: Class initialized using 'CodeIgniter\Session\Handlers\FileHandler' driver.
INFO - 2024-01-11 10:14:11 --> Session: Class initialized using 'CodeIgniter\Session\Handlers\FileHandler' driver.
INFO - 2024-01-11 10:14:11 --> Session: Class initialized using 'CodeIgniter\Session\Handlers\FileHandler' driver.
INFO - 2024-01-11 10:14:14 --> CSRF token verified.
INFO - 2024-01-11 10:14:14 --> Session: Class initialized using 'CodeIgniter\Session\Handlers\FileHandler' driver.
INFO - 2024-01-11 10:14:16 --> CSRF token verified.
INFO - 2024-01-11 10:14:16 --> Session: Class initialized using 'CodeIgniter\Session\Handlers\FileHandler' driver.
INFO - 2024-01-11 10:14:17 --> Session: Class initialized using 'CodeIgniter\Session\Handlers\FileHandler' driver.
INFO - 2024-01-11 10:14:30 --> Session: Class initialized using 'CodeIgniter\Session\Handlers\FileHandler' driver.
ERROR - 2024-01-11 10:14:31 --> mysqli_sql_exception: Table 'gezegenler.tanrilar' doesn't exist in D:\Uygulamalar\Wamp\www\gezegenler\system\Database\MySQLi\Connection.php:306
Stack trace:
#0 D:\Uygulamalar\Wamp\www\gezegenler\system\Database\MySQLi\Connection.php(306): mysqli->query('SELECT *\nFROM `...', 0)
#1 D:\Uygulamalar\Wamp\www\gezegenler\system\Database\BaseConnection.php(693): CodeIgniter\Database\MySQLi\Connection->execute('SELECT *\nFROM `...')
#2 D:\Uygulamalar\Wamp\www\gezegenler\system\Database\BaseConnection.php(607): CodeIgniter\Database\BaseConnection->simpleQuery('SELECT *\nFROM `...')
#3 D:\Uygulamalar\Wamp\www\gezegenler\system\Database\BaseBuilder.php(1613): CodeIgniter\Database\BaseConnection->query('SELECT *\nFROM `...', Array, false)
#4 D:\Uygulamalar\Wamp\www\gezegenler\system\Model.php(242): CodeIgniter\Database\BaseBuilder->get()
#5 D:\Uygulamalar\Wamp\www\gezegenler\system\BaseModel.php(638): CodeIgniter\Model->doFindAll(0, 0)
#6 D:\Uygulamalar\Wamp\www\gezegenler\app\Models\AnasayfaModel.php(15): CodeIgniter\BaseModel->findAll()
#7 D:\Uygulamalar\Wamp\www\gezegenler\app\Controllers\Anasayfa.php(15): App\Models\AnasayfaModel->kayitlar()
#8 D:\Uygulamalar\Wamp\www\gezegenler\system\CodeIgniter.php(941): App\Controllers\Anasayfa->index()
#9 D:\Uygulamalar\Wamp\www\gezegenler\system\CodeIgniter.php(502): CodeIgniter\CodeIgniter->runController(Object(App\Controllers\Anasayfa))
#10 D:\Uygulamalar\Wamp\www\gezegenler\system\CodeIgniter.php(361): CodeIgniter\CodeIgniter->handleRequest(NULL, Object(Config\Cache), false)
#11 D:\Uygulamalar\Wamp\www\gezegenler\public\index.php(79): CodeIgniter\CodeIgniter->run()
#12 {main}
CRITICAL - 2024-01-11 10:14:31 --> CodeIgniter\Database\Exceptions\DatabaseException: Table 'gezegenler.tanrilar' doesn't exist
in SYSTEMPATH\Database\BaseConnection.php on line 647.
 1 SYSTEMPATH\Database\BaseBuilder.php(1613): CodeIgniter\Database\BaseConnection->query('SELECT *
FROM `tanrilar`', [], false)
 2 SYSTEMPATH\Model.php(242): CodeIgniter\Database\BaseBuilder->get()
 3 SYSTEMPATH\BaseModel.php(638): CodeIgniter\Model->doFindAll(0, 0)
 4 APPPATH\Models\AnasayfaModel.php(15): CodeIgniter\BaseModel->findAll()
 5 APPPATH\Controllers\Anasayfa.php(15): App\Models\AnasayfaModel->kayitlar()
 6 SYSTEMPATH\CodeIgniter.php(941): App\Controllers\Anasayfa->index()
 7 SYSTEMPATH\CodeIgniter.php(502): CodeIgniter\CodeIgniter->runController(Object(App\Controllers\Anasayfa))
 8 SYSTEMPATH\CodeIgniter.php(361): CodeIgniter\CodeIgniter->handleRequest(null, Object(Config\Cache), false)
 9 FCPATH\index.php(79): CodeIgniter\CodeIgniter->run()
CRITICAL - 2024-01-11 10:14:31 --> [Caused by] CodeIgniter\Database\Exceptions\DatabaseException: Table 'gezegenler.tanrilar' doesn't exist
in SYSTEMPATH\Database\MySQLi\Connection.php on line 311.
 1 SYSTEMPATH\Database\BaseConnection.php(693): CodeIgniter\Database\MySQLi\Connection->execute('SELECT *
FROM `tanrilar`')
 2 SYSTEMPATH\Database\BaseConnection.php(607): CodeIgniter\Database\BaseConnection->simpleQuery('SELECT *
FROM `tanrilar`')
 3 SYSTEMPATH\Database\BaseBuilder.php(1613): CodeIgniter\Database\BaseConnection->query('SELECT *
FROM `tanrilar`', [], false)
 4 SYSTEMPATH\Model.php(242): CodeIgniter\Database\BaseBuilder->get()
 5 SYSTEMPATH\BaseModel.php(638): CodeIgniter\Model->doFindAll(0, 0)
 6 APPPATH\Models\AnasayfaModel.php(15): CodeIgniter\BaseModel->findAll()
 7 APPPATH\Controllers\Anasayfa.php(15): App\Models\AnasayfaModel->kayitlar()
 8 SYSTEMPATH\CodeIgniter.php(941): App\Controllers\Anasayfa->index()
 9 SYSTEMPATH\CodeIgniter.php(502): CodeIgniter\CodeIgniter->runController(Object(App\Controllers\Anasayfa))
10 SYSTEMPATH\CodeIgniter.php(361): CodeIgniter\CodeIgniter->handleRequest(null, Object(Config\Cache), false)
11 FCPATH\index.php(79): CodeIgniter\CodeIgniter->run()
CRITICAL - 2024-01-11 10:14:31 --> [Caused by] mysqli_sql_exception: Table 'gezegenler.tanrilar' doesn't exist
in SYSTEMPATH\Database\MySQLi\Connection.php on line 306.
 1 SYSTEMPATH\Database\MySQLi\Connection.php(306): mysqli->query('SELECT *
FROM `tanrilar`', 0)
 2 SYSTEMPATH\Database\BaseConnection.php(693): CodeIgniter\Database\MySQLi\Connection->execute('SELECT *
FROM `tanrilar`')
 3 SYSTEMPATH\Database\BaseConnection.php(607): CodeIgniter\Database\BaseConnection->simpleQuery('SELECT *
FROM `tanrilar`')
 4 SYSTEMPATH\Database\BaseBuilder.php(1613): CodeIgniter\Database\BaseConnection->query('SELECT *
FROM `tanrilar`', [], false)
 5 SYSTEMPATH\Model.php(242): CodeIgniter\Database\BaseBuilder->get()
 6 SYSTEMPATH\BaseModel.php(638): CodeIgniter\Model->doFindAll(0, 0)
 7 APPPATH\Models\AnasayfaModel.php(15): CodeIgniter\BaseModel->findAll()
 8 APPPATH\Controllers\Anasayfa.php(15): App\Models\AnasayfaModel->kayitlar()
 9 SYSTEMPATH\CodeIgniter.php(941): App\Controllers\Anasayfa->index()
10 SYSTEMPATH\CodeIgniter.php(502): CodeIgniter\CodeIgniter->runController(Object(App\Controllers\Anasayfa))
11 SYSTEMPATH\CodeIgniter.php(361): CodeIgniter\CodeIgniter->handleRequest(null, Object(Config\Cache), false)
12 FCPATH\index.php(79): CodeIgniter\CodeIgniter->run()
INFO - 2024-01-11 10:14:31 --> Session: Class initialized using 'CodeIgniter\Session\Handlers\FileHandler' driver.
INFO - 2024-01-11 10:14:34 --> Session: Class initialized using 'CodeIgniter\Session\Handlers\FileHandler' driver.
INFO - 2024-01-11 10:14:36 --> Session: Class initialized using 'CodeIgniter\Session\Handlers\FileHandler' driver.
ERROR - 2024-01-11 10:14:36 --> mysqli_sql_exception: Table 'gezegenler.tanrilar' doesn't exist in D:\Uygulamalar\Wamp\www\gezegenler\system\Database\MySQLi\Connection.php:306
Stack trace:
#0 D:\Uygulamalar\Wamp\www\gezegenler\system\Database\MySQLi\Connection.php(306): mysqli->query('SELECT *\nFROM `...', 0)
#1 D:\Uygulamalar\Wamp\www\gezegenler\system\Database\BaseConnection.php(693): CodeIgniter\Database\MySQLi\Connection->execute('SELECT *\nFROM `...')
#2 D:\Uygulamalar\Wamp\www\gezegenler\system\Database\BaseConnection.php(607): CodeIgniter\Database\BaseConnection->simpleQuery('SELECT *\nFROM `...')
#3 D:\Uygulamalar\Wamp\www\gezegenler\system\Database\BaseBuilder.php(1613): CodeIgniter\Database\BaseConnection->query('SELECT *\nFROM `...', Array, false)
#4 D:\Uygulamalar\Wamp\www\gezegenler\system\Model.php(242): CodeIgniter\Database\BaseBuilder->get()
#5 D:\Uygulamalar\Wamp\www\gezegenler\system\BaseModel.php(638): CodeIgniter\Model->doFindAll(0, 0)
#6 D:\Uygulamalar\Wamp\www\gezegenler\app\Models\AnasayfaModel.php(15): CodeIgniter\BaseModel->findAll()
#7 D:\Uygulamalar\Wamp\www\gezegenler\app\Controllers\Panel.php(93): App\Models\AnasayfaModel->kayitlar()
#8 D:\Uygulamalar\Wamp\www\gezegenler\system\CodeIgniter.php(941): App\Controllers\Panel->kayit_listele()
#9 D:\Uygulamalar\Wamp\www\gezegenler\system\CodeIgniter.php(502): CodeIgniter\CodeIgniter->runController(Object(App\Controllers\Panel))
#10 D:\Uygulamalar\Wamp\www\gezegenler\system\CodeIgniter.php(361): CodeIgniter\CodeIgniter->handleRequest(NULL, Object(Config\Cache), false)
#11 D:\Uygulamalar\Wamp\www\gezegenler\public\index.php(79): CodeIgniter\CodeIgniter->run()
#12 {main}
CRITICAL - 2024-01-11 10:14:36 --> CodeIgniter\Database\Exceptions\DatabaseException: Table 'gezegenler.tanrilar' doesn't exist
in SYSTEMPATH\Database\BaseConnection.php on line 647.
 1 SYSTEMPATH\Database\BaseBuilder.php(1613): CodeIgniter\Database\BaseConnection->query('SELECT *
FROM `tanrilar`', [], false)
 2 SYSTEMPATH\Model.php(242): CodeIgniter\Database\BaseBuilder->get()
 3 SYSTEMPATH\BaseModel.php(638): CodeIgniter\Model->doFindAll(0, 0)
 4 APPPATH\Models\AnasayfaModel.php(15): CodeIgniter\BaseModel->findAll()
 5 APPPATH\Controllers\Panel.php(93): App\Models\AnasayfaModel->kayitlar()
 6 SYSTEMPATH\CodeIgniter.php(941): App\Controllers\Panel->kayit_listele()
 7 SYSTEMPATH\CodeIgniter.php(502): CodeIgniter\CodeIgniter->runController(Object(App\Controllers\Panel))
 8 SYSTEMPATH\CodeIgniter.php(361): CodeIgniter\CodeIgniter->handleRequest(null, Object(Config\Cache), false)
 9 FCPATH\index.php(79): CodeIgniter\CodeIgniter->run()
CRITICAL - 2024-01-11 10:14:36 --> [Caused by] CodeIgniter\Database\Exceptions\DatabaseException: Table 'gezegenler.tanrilar' doesn't exist
in SYSTEMPATH\Database\MySQLi\Connection.php on line 311.
 1 SYSTEMPATH\Database\BaseConnection.php(693): CodeIgniter\Database\MySQLi\Connection->execute('SELECT *
FROM `tanrilar`')
 2 SYSTEMPATH\Database\BaseConnection.php(607): CodeIgniter\Database\BaseConnection->simpleQuery('SELECT *
FROM `tanrilar`')
 3 SYSTEMPATH\Database\BaseBuilder.php(1613): CodeIgniter\Database\BaseConnection->query('SELECT *
FROM `tanrilar`', [], false)
 4 SYSTEMPATH\Model.php(242): CodeIgniter\Database\BaseBuilder->get()
 5 SYSTEMPATH\BaseModel.php(638): CodeIgniter\Model->doFindAll(0, 0)
 6 APPPATH\Models\AnasayfaModel.php(15): CodeIgniter\BaseModel->findAll()
 7 APPPATH\Controllers\Panel.php(93): App\Models\AnasayfaModel->kayitlar()
 8 SYSTEMPATH\CodeIgniter.php(941): App\Controllers\Panel->kayit_listele()
 9 SYSTEMPATH\CodeIgniter.php(502): CodeIgniter\CodeIgniter->runController(Object(App\Controllers\Panel))
10 SYSTEMPATH\CodeIgniter.php(361): CodeIgniter\CodeIgniter->handleRequest(null, Object(Config\Cache), false)
11 FCPATH\index.php(79): CodeIgniter\CodeIgniter->run()
CRITICAL - 2024-01-11 10:14:36 --> [Caused by] mysqli_sql_exception: Table 'gezegenler.tanrilar' doesn't exist
in SYSTEMPATH\Database\MySQLi\Connection.php on line 306.
 1 SYSTEMPATH\Database\MySQLi\Connection.php(306): mysqli->query('SELECT *
FROM `tanrilar`', 0)
 2 SYSTEMPATH\Database\BaseConnection.php(693): CodeIgniter\Database\MySQLi\Connection->execute('SELECT *
FROM `tanrilar`')
 3 SYSTEMPATH\Database\BaseConnection.php(607): CodeIgniter\Database\BaseConnection->simpleQuery('SELECT *
FROM `tanrilar`')
 4 SYSTEMPATH\Database\BaseBuilder.php(1613): CodeIgniter\Database\BaseConnection->query('SELECT *
FROM `tanrilar`', [], false)
 5 SYSTEMPATH\Model.php(242): CodeIgniter\Database\BaseBuilder->get()
 6 SYSTEMPATH\BaseModel.php(638): CodeIgniter\Model->doFindAll(0, 0)
 7 APPPATH\Models\AnasayfaModel.php(15): CodeIgniter\BaseModel->findAll()
 8 APPPATH\Controllers\Panel.php(93): App\Models\AnasayfaModel->kayitlar()
 9 SYSTEMPATH\CodeIgniter.php(941): App\Controllers\Panel->kayit_listele()
10 SYSTEMPATH\CodeIgniter.php(502): CodeIgniter\CodeIgniter->runController(Object(App\Controllers\Panel))
11 SYSTEMPATH\CodeIgniter.php(361): CodeIgniter\CodeIgniter->handleRequest(null, Object(Config\Cache), false)
12 FCPATH\index.php(79): CodeIgniter\CodeIgniter->run()
INFO - 2024-01-11 10:14:37 --> Session: Class initialized using 'CodeIgniter\Session\Handlers\FileHandler' driver.
ERROR - 2024-01-11 10:14:46 --> mysqli_sql_exception: Table 'gezegenler.tanrilar' doesn't exist in D:\Uygulamalar\Wamp\www\gezegenler\system\Database\MySQLi\Connection.php:306
Stack trace:
#0 D:\Uygulamalar\Wamp\www\gezegenler\system\Database\MySQLi\Connection.php(306): mysqli->query('SELECT *\nFROM `...', 0)
#1 D:\Uygulamalar\Wamp\www\gezegenler\system\Database\BaseConnection.php(693): CodeIgniter\Database\MySQLi\Connection->execute('SELECT *\nFROM `...')
#2 D:\Uygulamalar\Wamp\www\gezegenler\system\Database\BaseConnection.php(607): CodeIgniter\Database\BaseConnection->simpleQuery('SELECT *\nFROM `...')
#3 D:\Uygulamalar\Wamp\www\gezegenler\system\Database\BaseBuilder.php(1613): CodeIgniter\Database\BaseConnection->query('SELECT *\nFROM `...', Array, false)
#4 D:\Uygulamalar\Wamp\www\gezegenler\system\Model.php(242): CodeIgniter\Database\BaseBuilder->get()
#5 D:\Uygulamalar\Wamp\www\gezegenler\system\BaseModel.php(638): CodeIgniter\Model->doFindAll(0, 0)
#6 D:\Uygulamalar\Wamp\www\gezegenler\app\Models\AnasayfaModel.php(15): CodeIgniter\BaseModel->findAll()
#7 D:\Uygulamalar\Wamp\www\gezegenler\app\Controllers\Anasayfa.php(15): App\Models\AnasayfaModel->kayitlar()
#8 D:\Uygulamalar\Wamp\www\gezegenler\system\CodeIgniter.php(941): App\Controllers\Anasayfa->index()
#9 D:\Uygulamalar\Wamp\www\gezegenler\system\CodeIgniter.php(502): CodeIgniter\CodeIgniter->runController(Object(App\Controllers\Anasayfa))
#10 D:\Uygulamalar\Wamp\www\gezegenler\system\CodeIgniter.php(361): CodeIgniter\CodeIgniter->handleRequest(NULL, Object(Config\Cache), false)
#11 D:\Uygulamalar\Wamp\www\gezegenler\public\index.php(79): CodeIgniter\CodeIgniter->run()
#12 {main}
CRITICAL - 2024-01-11 10:14:46 --> CodeIgniter\Database\Exceptions\DatabaseException: Table 'gezegenler.tanrilar' doesn't exist
in SYSTEMPATH\Database\BaseConnection.php on line 647.
 1 SYSTEMPATH\Database\BaseBuilder.php(1613): CodeIgniter\Database\BaseConnection->query('SELECT *
FROM `tanrilar`', [], false)
 2 SYSTEMPATH\Model.php(242): CodeIgniter\Database\BaseBuilder->get()
 3 SYSTEMPATH\BaseModel.php(638): CodeIgniter\Model->doFindAll(0, 0)
 4 APPPATH\Models\AnasayfaModel.php(15): CodeIgniter\BaseModel->findAll()
 5 APPPATH\Controllers\Anasayfa.php(15): App\Models\AnasayfaModel->kayitlar()
 6 SYSTEMPATH\CodeIgniter.php(941): App\Controllers\Anasayfa->index()
 7 SYSTEMPATH\CodeIgniter.php(502): CodeIgniter\CodeIgniter->runController(Object(App\Controllers\Anasayfa))
 8 SYSTEMPATH\CodeIgniter.php(361): CodeIgniter\CodeIgniter->handleRequest(null, Object(Config\Cache), false)
 9 FCPATH\index.php(79): CodeIgniter\CodeIgniter->run()
CRITICAL - 2024-01-11 10:14:46 --> [Caused by] CodeIgniter\Database\Exceptions\DatabaseException: Table 'gezegenler.tanrilar' doesn't exist
in SYSTEMPATH\Database\MySQLi\Connection.php on line 311.
 1 SYSTEMPATH\Database\BaseConnection.php(693): CodeIgniter\Database\MySQLi\Connection->execute('SELECT *
FROM `tanrilar`')
 2 SYSTEMPATH\Database\BaseConnection.php(607): CodeIgniter\Database\BaseConnection->simpleQuery('SELECT *
FROM `tanrilar`')
 3 SYSTEMPATH\Database\BaseBuilder.php(1613): CodeIgniter\Database\BaseConnection->query('SELECT *
FROM `tanrilar`', [], false)
 4 SYSTEMPATH\Model.php(242): CodeIgniter\Database\BaseBuilder->get()
 5 SYSTEMPATH\BaseModel.php(638): CodeIgniter\Model->doFindAll(0, 0)
 6 APPPATH\Models\AnasayfaModel.php(15): CodeIgniter\BaseModel->findAll()
 7 APPPATH\Controllers\Anasayfa.php(15): App\Models\AnasayfaModel->kayitlar()
 8 SYSTEMPATH\CodeIgniter.php(941): App\Controllers\Anasayfa->index()
 9 SYSTEMPATH\CodeIgniter.php(502): CodeIgniter\CodeIgniter->runController(Object(App\Controllers\Anasayfa))
10 SYSTEMPATH\CodeIgniter.php(361): CodeIgniter\CodeIgniter->handleRequest(null, Object(Config\Cache), false)
11 FCPATH\index.php(79): CodeIgniter\CodeIgniter->run()
CRITICAL - 2024-01-11 10:14:46 --> [Caused by] mysqli_sql_exception: Table 'gezegenler.tanrilar' doesn't exist
in SYSTEMPATH\Database\MySQLi\Connection.php on line 306.
 1 SYSTEMPATH\Database\MySQLi\Connection.php(306): mysqli->query('SELECT *
FROM `tanrilar`', 0)
 2 SYSTEMPATH\Database\BaseConnection.php(693): CodeIgniter\Database\MySQLi\Connection->execute('SELECT *
FROM `tanrilar`')
 3 SYSTEMPATH\Database\BaseConnection.php(607): CodeIgniter\Database\BaseConnection->simpleQuery('SELECT *
FROM `tanrilar`')
 4 SYSTEMPATH\Database\BaseBuilder.php(1613): CodeIgniter\Database\BaseConnection->query('SELECT *
FROM `tanrilar`', [], false)
 5 SYSTEMPATH\Model.php(242): CodeIgniter\Database\BaseBuilder->get()
 6 SYSTEMPATH\BaseModel.php(638): CodeIgniter\Model->doFindAll(0, 0)
 7 APPPATH\Models\AnasayfaModel.php(15): CodeIgniter\BaseModel->findAll()
 8 APPPATH\Controllers\Anasayfa.php(15): App\Models\AnasayfaModel->kayitlar()
 9 SYSTEMPATH\CodeIgniter.php(941): App\Controllers\Anasayfa->index()
10 SYSTEMPATH\CodeIgniter.php(502): CodeIgniter\CodeIgniter->runController(Object(App\Controllers\Anasayfa))
11 SYSTEMPATH\CodeIgniter.php(361): CodeIgniter\CodeIgniter->handleRequest(null, Object(Config\Cache), false)
12 FCPATH\index.php(79): CodeIgniter\CodeIgniter->run()
INFO - 2024-01-11 10:14:47 --> Session: Class initialized using 'CodeIgniter\Session\Handlers\FileHandler' driver.
INFO - 2024-01-11 10:14:48 --> Session: Class initialized using 'CodeIgniter\Session\Handlers\FileHandler' driver.
INFO - 2024-01-11 10:14:48 --> Session: Class initialized using 'CodeIgniter\Session\Handlers\FileHandler' driver.
INFO - 2024-01-11 10:14:50 --> CSRF token verified.
INFO - 2024-01-11 10:14:50 --> Session: Class initialized using 'CodeIgniter\Session\Handlers\FileHandler' driver.
INFO - 2024-01-11 10:14:50 --> Session: Class initialized using 'CodeIgniter\Session\Handlers\FileHandler' driver.
INFO - 2024-01-11 10:48:01 --> Session: Class initialized using 'CodeIgniter\Session\Handlers\FileHandler' driver.
INFO - 2024-01-11 11:05:42 --> Session: Class initialized using 'CodeIgniter\Session\Handlers\FileHandler' driver.
INFO - 2024-01-11 11:05:59 --> CSRF token verified.
INFO - 2024-01-11 11:05:59 --> Session: Class initialized using 'CodeIgniter\Session\Handlers\FileHandler' driver.
INFO - 2024-01-11 11:05:59 --> Session: Class initialized using 'CodeIgniter\Session\Handlers\FileHandler' driver.
ERROR - 2024-01-11 11:06:05 --> mysqli_sql_exception: Table 'gezegenler.tanrilar' doesn't exist in D:\Uygulamalar\Wamp\www\gezegenler\system\Database\MySQLi\Connection.php:306
Stack trace:
#0 D:\Uygulamalar\Wamp\www\gezegenler\system\Database\MySQLi\Connection.php(306): mysqli->query('SELECT *\nFROM `...', 0)
#1 D:\Uygulamalar\Wamp\www\gezegenler\system\Database\BaseConnection.php(693): CodeIgniter\Database\MySQLi\Connection->execute('SELECT *\nFROM `...')
#2 D:\Uygulamalar\Wamp\www\gezegenler\system\Database\BaseConnection.php(607): CodeIgniter\Database\BaseConnection->simpleQuery('SELECT *\nFROM `...')
#3 D:\Uygulamalar\Wamp\www\gezegenler\system\Database\BaseBuilder.php(1613): CodeIgniter\Database\BaseConnection->query('SELECT *\nFROM `...', Array, false)
#4 D:\Uygulamalar\Wamp\www\gezegenler\system\Model.php(242): CodeIgniter\Database\BaseBuilder->get()
#5 D:\Uygulamalar\Wamp\www\gezegenler\system\BaseModel.php(638): CodeIgniter\Model->doFindAll(0, 0)
#6 D:\Uygulamalar\Wamp\www\gezegenler\app\Models\AnasayfaModel.php(15): CodeIgniter\BaseModel->findAll()
#7 D:\Uygulamalar\Wamp\www\gezegenler\app\Controllers\Anasayfa.php(15): App\Models\AnasayfaModel->kayitlar()
#8 D:\Uygulamalar\Wamp\www\gezegenler\system\CodeIgniter.php(941): App\Controllers\Anasayfa->index()
#9 D:\Uygulamalar\Wamp\www\gezegenler\system\CodeIgniter.php(502): CodeIgniter\CodeIgniter->runController(Object(App\Controllers\Anasayfa))
#10 D:\Uygulamalar\Wamp\www\gezegenler\system\CodeIgniter.php(361): CodeIgniter\CodeIgniter->handleRequest(NULL, Object(Config\Cache), false)
#11 D:\Uygulamalar\Wamp\www\gezegenler\public\index.php(79): CodeIgniter\CodeIgniter->run()
#12 {main}
CRITICAL - 2024-01-11 11:06:05 --> CodeIgniter\Database\Exceptions\DatabaseException: Table 'gezegenler.tanrilar' doesn't exist
in SYSTEMPATH\Database\BaseConnection.php on line 647.
 1 SYSTEMPATH\Database\BaseBuilder.php(1613): CodeIgniter\Database\BaseConnection->query('SELECT *
FROM `tanrilar`', [], false)
 2 SYSTEMPATH\Model.php(242): CodeIgniter\Database\BaseBuilder->get()
 3 SYSTEMPATH\BaseModel.php(638): CodeIgniter\Model->doFindAll(0, 0)
 4 APPPATH\Models\AnasayfaModel.php(15): CodeIgniter\BaseModel->findAll()
 5 APPPATH\Controllers\Anasayfa.php(15): App\Models\AnasayfaModel->kayitlar()
 6 SYSTEMPATH\CodeIgniter.php(941): App\Controllers\Anasayfa->index()
 7 SYSTEMPATH\CodeIgniter.php(502): CodeIgniter\CodeIgniter->runController(Object(App\Controllers\Anasayfa))
 8 SYSTEMPATH\CodeIgniter.php(361): CodeIgniter\CodeIgniter->handleRequest(null, Object(Config\Cache), false)
 9 FCPATH\index.php(79): CodeIgniter\CodeIgniter->run()
CRITICAL - 2024-01-11 11:06:05 --> [Caused by] CodeIgniter\Database\Exceptions\DatabaseException: Table 'gezegenler.tanrilar' doesn't exist
in SYSTEMPATH\Database\MySQLi\Connection.php on line 311.
 1 SYSTEMPATH\Database\BaseConnection.php(693): CodeIgniter\Database\MySQLi\Connection->execute('SELECT *
FROM `tanrilar`')
 2 SYSTEMPATH\Database\BaseConnection.php(607): CodeIgniter\Database\BaseConnection->simpleQuery('SELECT *
FROM `tanrilar`')
 3 SYSTEMPATH\Database\BaseBuilder.php(1613): CodeIgniter\Database\BaseConnection->query('SELECT *
FROM `tanrilar`', [], false)
 4 SYSTEMPATH\Model.php(242): CodeIgniter\Database\BaseBuilder->get()
 5 SYSTEMPATH\BaseModel.php(638): CodeIgniter\Model->doFindAll(0, 0)
 6 APPPATH\Models\AnasayfaModel.php(15): CodeIgniter\BaseModel->findAll()
 7 APPPATH\Controllers\Anasayfa.php(15): App\Models\AnasayfaModel->kayitlar()
 8 SYSTEMPATH\CodeIgniter.php(941): App\Controllers\Anasayfa->index()
 9 SYSTEMPATH\CodeIgniter.php(502): CodeIgniter\CodeIgniter->runController(Object(App\Controllers\Anasayfa))
10 SYSTEMPATH\CodeIgniter.php(361): CodeIgniter\CodeIgniter->handleRequest(null, Object(Config\Cache), false)
11 FCPATH\index.php(79): CodeIgniter\CodeIgniter->run()
CRITICAL - 2024-01-11 11:06:05 --> [Caused by] mysqli_sql_exception: Table 'gezegenler.tanrilar' doesn't exist
in SYSTEMPATH\Database\MySQLi\Connection.php on line 306.
 1 SYSTEMPATH\Database\MySQLi\Connection.php(306): mysqli->query('SELECT *
FROM `tanrilar`', 0)
 2 SYSTEMPATH\Database\BaseConnection.php(693): CodeIgniter\Database\MySQLi\Connection->execute('SELECT *
FROM `tanrilar`')
 3 SYSTEMPATH\Database\BaseConnection.php(607): CodeIgniter\Database\BaseConnection->simpleQuery('SELECT *
FROM `tanrilar`')
 4 SYSTEMPATH\Database\BaseBuilder.php(1613): CodeIgniter\Database\BaseConnection->query('SELECT *
FROM `tanrilar`', [], false)
 5 SYSTEMPATH\Model.php(242): CodeIgniter\Database\BaseBuilder->get()
 6 SYSTEMPATH\BaseModel.php(638): CodeIgniter\Model->doFindAll(0, 0)
 7 APPPATH\Models\AnasayfaModel.php(15): CodeIgniter\BaseModel->findAll()
 8 APPPATH\Controllers\Anasayfa.php(15): App\Models\AnasayfaModel->kayitlar()
 9 SYSTEMPATH\CodeIgniter.php(941): App\Controllers\Anasayfa->index()
10 SYSTEMPATH\CodeIgniter.php(502): CodeIgniter\CodeIgniter->runController(Object(App\Controllers\Anasayfa))
11 SYSTEMPATH\CodeIgniter.php(361): CodeIgniter\CodeIgniter->handleRequest(null, Object(Config\Cache), false)
12 FCPATH\index.php(79): CodeIgniter\CodeIgniter->run()
INFO - 2024-01-11 11:06:11 --> Session: Class initialized using 'CodeIgniter\Session\Handlers\FileHandler' driver.
INFO - 2024-01-11 11:06:12 --> Session: Class initialized using 'CodeIgniter\Session\Handlers\FileHandler' driver.
INFO - 2024-01-11 11:06:12 --> Session: Class initialized using 'CodeIgniter\Session\Handlers\FileHandler' driver.
INFO - 2024-01-11 11:06:16 --> CSRF token verified.
INFO - 2024-01-11 11:06:16 --> Session: Class initialized using 'CodeIgniter\Session\Handlers\FileHandler' driver.
INFO - 2024-01-11 11:06:16 --> Session: Class initialized using 'CodeIgniter\Session\Handlers\FileHandler' driver.
INFO - 2024-01-11 11:10:33 --> Session: Class initialized using 'CodeIgniter\Session\Handlers\FileHandler' driver.
INFO - 2024-01-11 11:11:15 --> CSRF token verified.
INFO - 2024-01-11 11:11:15 --> Session: Class initialized using 'CodeIgniter\Session\Handlers\FileHandler' driver.
INFO - 2024-01-11 11:11:15 --> Session: Class initialized using 'CodeIgniter\Session\Handlers\FileHandler' driver.
INFO - 2024-01-11 11:12:15 --> CSRF token verified.
INFO - 2024-01-11 11:12:15 --> Session: Class initialized using 'CodeIgniter\Session\Handlers\FileHandler' driver.
ERROR - 2024-01-11 11:12:15 --> mysqli_sql_exception: Duplicate entry '0' for key 'gezegenler.PRIMARY' in D:\Uygulamalar\Wamp\www\gezegenler\system\Database\MySQLi\Connection.php:306
Stack trace:
#0 D:\Uygulamalar\Wamp\www\gezegenler\system\Database\MySQLi\Connection.php(306): mysqli->query('INSERT INTO `ge...', 0)
#1 D:\Uygulamalar\Wamp\www\gezegenler\system\Database\BaseConnection.php(693): CodeIgniter\Database\MySQLi\Connection->execute('INSERT INTO `ge...')
#2 D:\Uygulamalar\Wamp\www\gezegenler\system\Database\BaseConnection.php(607): CodeIgniter\Database\BaseConnection->simpleQuery('INSERT INTO `ge...')
#3 D:\Uygulamalar\Wamp\www\gezegenler\system\Database\BaseBuilder.php(2302): CodeIgniter\Database\BaseConnection->query('INSERT INTO `ge...', Array, false)
#4 D:\Uygulamalar\Wamp\www\gezegenler\app\Models\PanelModel.php(24): CodeIgniter\Database\BaseBuilder->insert(Array)
#5 D:\Uygulamalar\Wamp\www\gezegenler\app\Controllers\Panel.php(69): App\Models\PanelModel->veri_ekle('Mars', 'mars', 'Mars is the fou...', '1704971535_f584...')
#6 D:\Uygulamalar\Wamp\www\gezegenler\system\CodeIgniter.php(941): App\Controllers\Panel->kayit_ekle()
#7 D:\Uygulamalar\Wamp\www\gezegenler\system\CodeIgniter.php(502): CodeIgniter\CodeIgniter->runController(Object(App\Controllers\Panel))
#8 D:\Uygulamalar\Wamp\www\gezegenler\system\CodeIgniter.php(361): CodeIgniter\CodeIgniter->handleRequest(NULL, Object(Config\Cache), false)
#9 D:\Uygulamalar\Wamp\www\gezegenler\public\index.php(79): CodeIgniter\CodeIgniter->run()
#10 {main}
CRITICAL - 2024-01-11 11:12:15 --> CodeIgniter\Database\Exceptions\DatabaseException: Duplicate entry '0' for key 'gezegenler.PRIMARY'
in SYSTEMPATH\Database\BaseConnection.php on line 647.
 1 SYSTEMPATH\Database\BaseBuilder.php(2302): CodeIgniter\Database\BaseConnection->query('INSERT INTO `gezegenler` (`baslik`, `url`, `icerik`, `resim`) VALUES (:baslik:, :url:, :icerik:, :resim:)', [...], false)
 2 APPPATH\Models\PanelModel.php(24): CodeIgniter\Database\BaseBuilder->insert([...])
 3 APPPATH\Controllers\Panel.php(69): App\Models\PanelModel->veri_ekle('Mars', 'mars', 'Mars is the fourth planet from the Sun. The surface of Mars is orange-red because it is covered in iron(III) oxide dust, giving it the nickname "the Red Planet".[21][22] Mars hosts many enormous extinct volcanos (such as Olympus Mons, 21.9 km or 13.6 mi tall) and one of the largest canyons in the Solar System (Valles Marineris, 4,000 km or 2,500 mi long). For comparison, Mars\'s diameter is 6,779 km (4,212 mi). It is the second smallest of the Solar System\'s planets.', '1704971535_f58443f4c6f861d8edda.png')
 4 SYSTEMPATH\CodeIgniter.php(941): App\Controllers\Panel->kayit_ekle()
 5 SYSTEMPATH\CodeIgniter.php(502): CodeIgniter\CodeIgniter->runController(Object(App\Controllers\Panel))
 6 SYSTEMPATH\CodeIgniter.php(361): CodeIgniter\CodeIgniter->handleRequest(null, Object(Config\Cache), false)
 7 FCPATH\index.php(79): CodeIgniter\CodeIgniter->run()
CRITICAL - 2024-01-11 11:12:15 --> [Caused by] CodeIgniter\Database\Exceptions\DatabaseException: Duplicate entry '0' for key 'gezegenler.PRIMARY'
in SYSTEMPATH\Database\MySQLi\Connection.php on line 311.
 1 SYSTEMPATH\Database\BaseConnection.php(693): CodeIgniter\Database\MySQLi\Connection->execute('INSERT INTO `gezegenler` (`baslik`, `url`, `icerik`, `resim`) VALUES (\'Mars\', \'mars\', \'Mars is the fourth planet from the Sun. The surface of Mars is orange-red because it is covered in iron(III) oxide dust, giving it the nickname \\"the Red Planet\\".[21][22] Mars hosts many enormous extinct volcanos (such as Olympus Mons, 21.9 km or 13.6 mi tall) and one of the largest canyons in the Solar System (Valles Marineris, 4,000 km or 2,500 mi long). For comparison, Mars\\\'s diameter is 6,779 km (4,212 mi). It is the second smallest of the Solar System\\\'s planets.\', \'1704971535_f58443f4c6f861d8edda.png\')')
 2 SYSTEMPATH\Database\BaseConnection.php(607): CodeIgniter\Database\BaseConnection->simpleQuery('INSERT INTO `gezegenler` (`baslik`, `url`, `icerik`, `resim`) VALUES (\'Mars\', \'mars\', \'Mars is the fourth planet from the Sun. The surface of Mars is orange-red because it is covered in iron(III) oxide dust, giving it the nickname \\"the Red Planet\\".[21][22] Mars hosts many enormous extinct volcanos (such as Olympus Mons, 21.9 km or 13.6 mi tall) and one of the largest canyons in the Solar System (Valles Marineris, 4,000 km or 2,500 mi long). For comparison, Mars\\\'s diameter is 6,779 km (4,212 mi). It is the second smallest of the Solar System\\\'s planets.\', \'1704971535_f58443f4c6f861d8edda.png\')')
 3 SYSTEMPATH\Database\BaseBuilder.php(2302): CodeIgniter\Database\BaseConnection->query('INSERT INTO `gezegenler` (`baslik`, `url`, `icerik`, `resim`) VALUES (:baslik:, :url:, :icerik:, :resim:)', [...], false)
 4 APPPATH\Models\PanelModel.php(24): CodeIgniter\Database\BaseBuilder->insert([...])
 5 APPPATH\Controllers\Panel.php(69): App\Models\PanelModel->veri_ekle('Mars', 'mars', 'Mars is the fourth planet from the Sun. The surface of Mars is orange-red because it is covered in iron(III) oxide dust, giving it the nickname "the Red Planet".[21][22] Mars hosts many enormous extinct volcanos (such as Olympus Mons, 21.9 km or 13.6 mi tall) and one of the largest canyons in the Solar System (Valles Marineris, 4,000 km or 2,500 mi long). For comparison, Mars\'s diameter is 6,779 km (4,212 mi). It is the second smallest of the Solar System\'s planets.', '1704971535_f58443f4c6f861d8edda.png')
 6 SYSTEMPATH\CodeIgniter.php(941): App\Controllers\Panel->kayit_ekle()
 7 SYSTEMPATH\CodeIgniter.php(502): CodeIgniter\CodeIgniter->runController(Object(App\Controllers\Panel))
 8 SYSTEMPATH\CodeIgniter.php(361): CodeIgniter\CodeIgniter->handleRequest(null, Object(Config\Cache), false)
 9 FCPATH\index.php(79): CodeIgniter\CodeIgniter->run()
CRITICAL - 2024-01-11 11:12:15 --> [Caused by] mysqli_sql_exception: Duplicate entry '0' for key 'gezegenler.PRIMARY'
in SYSTEMPATH\Database\MySQLi\Connection.php on line 306.
 1 SYSTEMPATH\Database\MySQLi\Connection.php(306): mysqli->query('INSERT INTO `gezegenler` (`baslik`, `url`, `icerik`, `resim`) VALUES (\'Mars\', \'mars\', \'Mars is the fourth planet from the Sun. The surface of Mars is orange-red because it is covered in iron(III) oxide dust, giving it the nickname \\"the Red Planet\\".[21][22] Mars hosts many enormous extinct volcanos (such as Olympus Mons, 21.9 km or 13.6 mi tall) and one of the largest canyons in the Solar System (Valles Marineris, 4,000 km or 2,500 mi long). For comparison, Mars\\\'s diameter is 6,779 km (4,212 mi). It is the second smallest of the Solar System\\\'s planets.\', \'1704971535_f58443f4c6f861d8edda.png\')', 0)
 2 SYSTEMPATH\Database\BaseConnection.php(693): CodeIgniter\Database\MySQLi\Connection->execute('INSERT INTO `gezegenler` (`baslik`, `url`, `icerik`, `resim`) VALUES (\'Mars\', \'mars\', \'Mars is the fourth planet from the Sun. The surface of Mars is orange-red because it is covered in iron(III) oxide dust, giving it the nickname \\"the Red Planet\\".[21][22] Mars hosts many enormous extinct volcanos (such as Olympus Mons, 21.9 km or 13.6 mi tall) and one of the largest canyons in the Solar System (Valles Marineris, 4,000 km or 2,500 mi long). For comparison, Mars\\\'s diameter is 6,779 km (4,212 mi). It is the second smallest of the Solar System\\\'s planets.\', \'1704971535_f58443f4c6f861d8edda.png\')')
 3 SYSTEMPATH\Database\BaseConnection.php(607): CodeIgniter\Database\BaseConnection->simpleQuery('INSERT INTO `gezegenler` (`baslik`, `url`, `icerik`, `resim`) VALUES (\'Mars\', \'mars\', \'Mars is the fourth planet from the Sun. The surface of Mars is orange-red because it is covered in iron(III) oxide dust, giving it the nickname \\"the Red Planet\\".[21][22] Mars hosts many enormous extinct volcanos (such as Olympus Mons, 21.9 km or 13.6 mi tall) and one of the largest canyons in the Solar System (Valles Marineris, 4,000 km or 2,500 mi long). For comparison, Mars\\\'s diameter is 6,779 km (4,212 mi). It is the second smallest of the Solar System\\\'s planets.\', \'1704971535_f58443f4c6f861d8edda.png\')')
 4 SYSTEMPATH\Database\BaseBuilder.php(2302): CodeIgniter\Database\BaseConnection->query('INSERT INTO `gezegenler` (`baslik`, `url`, `icerik`, `resim`) VALUES (:baslik:, :url:, :icerik:, :resim:)', [...], false)
 5 APPPATH\Models\PanelModel.php(24): CodeIgniter\Database\BaseBuilder->insert([...])
 6 APPPATH\Controllers\Panel.php(69): App\Models\PanelModel->veri_ekle('Mars', 'mars', 'Mars is the fourth planet from the Sun. The surface of Mars is orange-red because it is covered in iron(III) oxide dust, giving it the nickname "the Red Planet".[21][22] Mars hosts many enormous extinct volcanos (such as Olympus Mons, 21.9 km or 13.6 mi tall) and one of the largest canyons in the Solar System (Valles Marineris, 4,000 km or 2,500 mi long). For comparison, Mars\'s diameter is 6,779 km (4,212 mi). It is the second smallest of the Solar System\'s planets.', '1704971535_f58443f4c6f861d8edda.png')
 7 SYSTEMPATH\CodeIgniter.php(941): App\Controllers\Panel->kayit_ekle()
 8 SYSTEMPATH\CodeIgniter.php(502): CodeIgniter\CodeIgniter->runController(Object(App\Controllers\Panel))
 9 SYSTEMPATH\CodeIgniter.php(361): CodeIgniter\CodeIgniter->handleRequest(null, Object(Config\Cache), false)
10 FCPATH\index.php(79): CodeIgniter\CodeIgniter->run()
INFO - 2024-01-11 11:12:34 --> Session: Class initialized using 'CodeIgniter\Session\Handlers\FileHandler' driver.
INFO - 2024-01-11 11:12:36 --> CSRF token verified.
INFO - 2024-01-11 11:12:36 --> Session: Class initialized using 'CodeIgniter\Session\Handlers\FileHandler' driver.
ERROR - 2024-01-11 11:12:36 --> mysqli_sql_exception: Duplicate entry '0' for key 'gezegenler.PRIMARY' in D:\Uygulamalar\Wamp\www\gezegenler\system\Database\MySQLi\Connection.php:306
Stack trace:
#0 D:\Uygulamalar\Wamp\www\gezegenler\system\Database\MySQLi\Connection.php(306): mysqli->query('INSERT INTO `ge...', 0)
#1 D:\Uygulamalar\Wamp\www\gezegenler\system\Database\BaseConnection.php(693): CodeIgniter\Database\MySQLi\Connection->execute('INSERT INTO `ge...')
#2 D:\Uygulamalar\Wamp\www\gezegenler\system\Database\BaseConnection.php(607): CodeIgniter\Database\BaseConnection->simpleQuery('INSERT INTO `ge...')
#3 D:\Uygulamalar\Wamp\www\gezegenler\system\Database\BaseBuilder.php(2302): CodeIgniter\Database\BaseConnection->query('INSERT INTO `ge...', Array, false)
#4 D:\Uygulamalar\Wamp\www\gezegenler\app\Models\PanelModel.php(24): CodeIgniter\Database\BaseBuilder->insert(Array)
#5 D:\Uygulamalar\Wamp\www\gezegenler\app\Controllers\Panel.php(69): App\Models\PanelModel->veri_ekle('Mars', 'mars', 'Mars is the fou...', '1704971556_3ec4...')
#6 D:\Uygulamalar\Wamp\www\gezegenler\system\CodeIgniter.php(941): App\Controllers\Panel->kayit_ekle()
#7 D:\Uygulamalar\Wamp\www\gezegenler\system\CodeIgniter.php(502): CodeIgniter\CodeIgniter->runController(Object(App\Controllers\Panel))
#8 D:\Uygulamalar\Wamp\www\gezegenler\system\CodeIgniter.php(361): CodeIgniter\CodeIgniter->handleRequest(NULL, Object(Config\Cache), false)
#9 D:\Uygulamalar\Wamp\www\gezegenler\public\index.php(79): CodeIgniter\CodeIgniter->run()
#10 {main}
CRITICAL - 2024-01-11 11:12:36 --> CodeIgniter\Database\Exceptions\DatabaseException: Duplicate entry '0' for key 'gezegenler.PRIMARY'
in SYSTEMPATH\Database\BaseConnection.php on line 647.
 1 SYSTEMPATH\Database\BaseBuilder.php(2302): CodeIgniter\Database\BaseConnection->query('INSERT INTO `gezegenler` (`baslik`, `url`, `icerik`, `resim`) VALUES (:baslik:, :url:, :icerik:, :resim:)', [...], false)
 2 APPPATH\Models\PanelModel.php(24): CodeIgniter\Database\BaseBuilder->insert([...])
 3 APPPATH\Controllers\Panel.php(69): App\Models\PanelModel->veri_ekle('Mars', 'mars', 'Mars is the fourth planet from the Sun. The surface of Mars is orange-red because it is covered in iron(III) oxide dust, giving it the nickname "the Red Planet".[21][22] Mars hosts many enormous extinct volcanos (such as Olympus Mons, 21.9 km or 13.6 mi tall) and one of the largest canyons in the Solar System (Valles Marineris, 4,000 km or 2,500 mi long). For comparison, Mars\'s diameter is 6,779 km (4,212 mi). It is the second smallest of the Solar System\'s planets.', '1704971556_3ec48bdb2783471e43e5.png')
 4 SYSTEMPATH\CodeIgniter.php(941): App\Controllers\Panel->kayit_ekle()
 5 SYSTEMPATH\CodeIgniter.php(502): CodeIgniter\CodeIgniter->runController(Object(App\Controllers\Panel))
 6 SYSTEMPATH\CodeIgniter.php(361): CodeIgniter\CodeIgniter->handleRequest(null, Object(Config\Cache), false)
 7 FCPATH\index.php(79): CodeIgniter\CodeIgniter->run()
CRITICAL - 2024-01-11 11:12:36 --> [Caused by] CodeIgniter\Database\Exceptions\DatabaseException: Duplicate entry '0' for key 'gezegenler.PRIMARY'
in SYSTEMPATH\Database\MySQLi\Connection.php on line 311.
 1 SYSTEMPATH\Database\BaseConnection.php(693): CodeIgniter\Database\MySQLi\Connection->execute('INSERT INTO `gezegenler` (`baslik`, `url`, `icerik`, `resim`) VALUES (\'Mars\', \'mars\', \'Mars is the fourth planet from the Sun. The surface of Mars is orange-red because it is covered in iron(III) oxide dust, giving it the nickname \\"the Red Planet\\".[21][22] Mars hosts many enormous extinct volcanos (such as Olympus Mons, 21.9 km or 13.6 mi tall) and one of the largest canyons in the Solar System (Valles Marineris, 4,000 km or 2,500 mi long). For comparison, Mars\\\'s diameter is 6,779 km (4,212 mi). It is the second smallest of the Solar System\\\'s planets.\', \'1704971556_3ec48bdb2783471e43e5.png\')')
 2 SYSTEMPATH\Database\BaseConnection.php(607): CodeIgniter\Database\BaseConnection->simpleQuery('INSERT INTO `gezegenler` (`baslik`, `url`, `icerik`, `resim`) VALUES (\'Mars\', \'mars\', \'Mars is the fourth planet from the Sun. The surface of Mars is orange-red because it is covered in iron(III) oxide dust, giving it the nickname \\"the Red Planet\\".[21][22] Mars hosts many enormous extinct volcanos (such as Olympus Mons, 21.9 km or 13.6 mi tall) and one of the largest canyons in the Solar System (Valles Marineris, 4,000 km or 2,500 mi long). For comparison, Mars\\\'s diameter is 6,779 km (4,212 mi). It is the second smallest of the Solar System\\\'s planets.\', \'1704971556_3ec48bdb2783471e43e5.png\')')
 3 SYSTEMPATH\Database\BaseBuilder.php(2302): CodeIgniter\Database\BaseConnection->query('INSERT INTO `gezegenler` (`baslik`, `url`, `icerik`, `resim`) VALUES (:baslik:, :url:, :icerik:, :resim:)', [...], false)
 4 APPPATH\Models\PanelModel.php(24): CodeIgniter\Database\BaseBuilder->insert([...])
 5 APPPATH\Controllers\Panel.php(69): App\Models\PanelModel->veri_ekle('Mars', 'mars', 'Mars is the fourth planet from the Sun. The surface of Mars is orange-red because it is covered in iron(III) oxide dust, giving it the nickname "the Red Planet".[21][22] Mars hosts many enormous extinct volcanos (such as Olympus Mons, 21.9 km or 13.6 mi tall) and one of the largest canyons in the Solar System (Valles Marineris, 4,000 km or 2,500 mi long). For comparison, Mars\'s diameter is 6,779 km (4,212 mi). It is the second smallest of the Solar System\'s planets.', '1704971556_3ec48bdb2783471e43e5.png')
 6 SYSTEMPATH\CodeIgniter.php(941): App\Controllers\Panel->kayit_ekle()
 7 SYSTEMPATH\CodeIgniter.php(502): CodeIgniter\CodeIgniter->runController(Object(App\Controllers\Panel))
 8 SYSTEMPATH\CodeIgniter.php(361): CodeIgniter\CodeIgniter->handleRequest(null, Object(Config\Cache), false)
 9 FCPATH\index.php(79): CodeIgniter\CodeIgniter->run()
CRITICAL - 2024-01-11 11:12:36 --> [Caused by] mysqli_sql_exception: Duplicate entry '0' for key 'gezegenler.PRIMARY'
in SYSTEMPATH\Database\MySQLi\Connection.php on line 306.
 1 SYSTEMPATH\Database\MySQLi\Connection.php(306): mysqli->query('INSERT INTO `gezegenler` (`baslik`, `url`, `icerik`, `resim`) VALUES (\'Mars\', \'mars\', \'Mars is the fourth planet from the Sun. The surface of Mars is orange-red because it is covered in iron(III) oxide dust, giving it the nickname \\"the Red Planet\\".[21][22] Mars hosts many enormous extinct volcanos (such as Olympus Mons, 21.9 km or 13.6 mi tall) and one of the largest canyons in the Solar System (Valles Marineris, 4,000 km or 2,500 mi long). For comparison, Mars\\\'s diameter is 6,779 km (4,212 mi). It is the second smallest of the Solar System\\\'s planets.\', \'1704971556_3ec48bdb2783471e43e5.png\')', 0)
 2 SYSTEMPATH\Database\BaseConnection.php(693): CodeIgniter\Database\MySQLi\Connection->execute('INSERT INTO `gezegenler` (`baslik`, `url`, `icerik`, `resim`) VALUES (\'Mars\', \'mars\', \'Mars is the fourth planet from the Sun. The surface of Mars is orange-red because it is covered in iron(III) oxide dust, giving it the nickname \\"the Red Planet\\".[21][22] Mars hosts many enormous extinct volcanos (such as Olympus Mons, 21.9 km or 13.6 mi tall) and one of the largest canyons in the Solar System (Valles Marineris, 4,000 km or 2,500 mi long). For comparison, Mars\\\'s diameter is 6,779 km (4,212 mi). It is the second smallest of the Solar System\\\'s planets.\', \'1704971556_3ec48bdb2783471e43e5.png\')')
 3 SYSTEMPATH\Database\BaseConnection.php(607): CodeIgniter\Database\BaseConnection->simpleQuery('INSERT INTO `gezegenler` (`baslik`, `url`, `icerik`, `resim`) VALUES (\'Mars\', \'mars\', \'Mars is the fourth planet from the Sun. The surface of Mars is orange-red because it is covered in iron(III) oxide dust, giving it the nickname \\"the Red Planet\\".[21][22] Mars hosts many enormous extinct volcanos (such as Olympus Mons, 21.9 km or 13.6 mi tall) and one of the largest canyons in the Solar System (Valles Marineris, 4,000 km or 2,500 mi long). For comparison, Mars\\\'s diameter is 6,779 km (4,212 mi). It is the second smallest of the Solar System\\\'s planets.\', \'1704971556_3ec48bdb2783471e43e5.png\')')
 4 SYSTEMPATH\Database\BaseBuilder.php(2302): CodeIgniter\Database\BaseConnection->query('INSERT INTO `gezegenler` (`baslik`, `url`, `icerik`, `resim`) VALUES (:baslik:, :url:, :icerik:, :resim:)', [...], false)
 5 APPPATH\Models\PanelModel.php(24): CodeIgniter\Database\BaseBuilder->insert([...])
 6 APPPATH\Controllers\Panel.php(69): App\Models\PanelModel->veri_ekle('Mars', 'mars', 'Mars is the fourth planet from the Sun. The surface of Mars is orange-red because it is covered in iron(III) oxide dust, giving it the nickname "the Red Planet".[21][22] Mars hosts many enormous extinct volcanos (such as Olympus Mons, 21.9 km or 13.6 mi tall) and one of the largest canyons in the Solar System (Valles Marineris, 4,000 km or 2,500 mi long). For comparison, Mars\'s diameter is 6,779 km (4,212 mi). It is the second smallest of the Solar System\'s planets.', '1704971556_3ec48bdb2783471e43e5.png')
 7 SYSTEMPATH\CodeIgniter.php(941): App\Controllers\Panel->kayit_ekle()
 8 SYSTEMPATH\CodeIgniter.php(502): CodeIgniter\CodeIgniter->runController(Object(App\Controllers\Panel))
 9 SYSTEMPATH\CodeIgniter.php(361): CodeIgniter\CodeIgniter->handleRequest(null, Object(Config\Cache), false)
10 FCPATH\index.php(79): CodeIgniter\CodeIgniter->run()
INFO - 2024-01-11 11:12:37 --> Session: Class initialized using 'CodeIgniter\Session\Handlers\FileHandler' driver.
INFO - 2024-01-11 11:13:24 --> CSRF token verified.
INFO - 2024-01-11 11:13:24 --> Session: Class initialized using 'CodeIgniter\Session\Handlers\FileHandler' driver.
ERROR - 2024-01-11 11:13:24 --> mysqli_sql_exception: Duplicate entry '0' for key 'gezegenler.PRIMARY' in D:\Uygulamalar\Wamp\www\gezegenler\system\Database\MySQLi\Connection.php:306
Stack trace:
#0 D:\Uygulamalar\Wamp\www\gezegenler\system\Database\MySQLi\Connection.php(306): mysqli->query('INSERT INTO `ge...', 0)
#1 D:\Uygulamalar\Wamp\www\gezegenler\system\Database\BaseConnection.php(693): CodeIgniter\Database\MySQLi\Connection->execute('INSERT INTO `ge...')
#2 D:\Uygulamalar\Wamp\www\gezegenler\system\Database\BaseConnection.php(607): CodeIgniter\Database\BaseConnection->simpleQuery('INSERT INTO `ge...')
#3 D:\Uygulamalar\Wamp\www\gezegenler\system\Database\BaseBuilder.php(2302): CodeIgniter\Database\BaseConnection->query('INSERT INTO `ge...', Array, false)
#4 D:\Uygulamalar\Wamp\www\gezegenler\app\Models\PanelModel.php(24): CodeIgniter\Database\BaseBuilder->insert(Array)
#5 D:\Uygulamalar\Wamp\www\gezegenler\app\Controllers\Panel.php(69): App\Models\PanelModel->veri_ekle('Mars', 'mars', 'Mars is the fou...', '1704971604_50c6...')
#6 D:\Uygulamalar\Wamp\www\gezegenler\system\CodeIgniter.php(941): App\Controllers\Panel->kayit_ekle()
#7 D:\Uygulamalar\Wamp\www\gezegenler\system\CodeIgniter.php(502): CodeIgniter\CodeIgniter->runController(Object(App\Controllers\Panel))
#8 D:\Uygulamalar\Wamp\www\gezegenler\system\CodeIgniter.php(361): CodeIgniter\CodeIgniter->handleRequest(NULL, Object(Config\Cache), false)
#9 D:\Uygulamalar\Wamp\www\gezegenler\public\index.php(79): CodeIgniter\CodeIgniter->run()
#10 {main}
CRITICAL - 2024-01-11 11:13:24 --> CodeIgniter\Database\Exceptions\DatabaseException: Duplicate entry '0' for key 'gezegenler.PRIMARY'
in SYSTEMPATH\Database\BaseConnection.php on line 647.
 1 SYSTEMPATH\Database\BaseBuilder.php(2302): CodeIgniter\Database\BaseConnection->query('INSERT INTO `gezegenler` (`baslik`, `url`, `icerik`, `resim`) VALUES (:baslik:, :url:, :icerik:, :resim:)', [...], false)
 2 APPPATH\Models\PanelModel.php(24): CodeIgniter\Database\BaseBuilder->insert([...])
 3 APPPATH\Controllers\Panel.php(69): App\Models\PanelModel->veri_ekle('Mars', 'mars', 'Mars is the fourth planet from the Sun. The surface of Mars is orange-red because it is covered in iron(III) oxide dust, giving it the nickname "the Red Planet".[21][22] Mars hosts many enormous extinct volcanos (such as Olympus Mons, 21.9 km or 13.6 mi tall) and one of the largest canyons in the Solar System (Valles Marineris, 4,000 km or 2,500 mi long). For comparison, Mars\'s diameter is 6,779 km (4,212 mi). It is the second smallest of the Solar System\'s planets.', '1704971604_50c6200b43474b9dc61c.png')
 4 SYSTEMPATH\CodeIgniter.php(941): App\Controllers\Panel->kayit_ekle()
 5 SYSTEMPATH\CodeIgniter.php(502): CodeIgniter\CodeIgniter->runController(Object(App\Controllers\Panel))
 6 SYSTEMPATH\CodeIgniter.php(361): CodeIgniter\CodeIgniter->handleRequest(null, Object(Config\Cache), false)
 7 FCPATH\index.php(79): CodeIgniter\CodeIgniter->run()
CRITICAL - 2024-01-11 11:13:24 --> [Caused by] CodeIgniter\Database\Exceptions\DatabaseException: Duplicate entry '0' for key 'gezegenler.PRIMARY'
in SYSTEMPATH\Database\MySQLi\Connection.php on line 311.
 1 SYSTEMPATH\Database\BaseConnection.php(693): CodeIgniter\Database\MySQLi\Connection->execute('INSERT INTO `gezegenler` (`baslik`, `url`, `icerik`, `resim`) VALUES (\'Mars\', \'mars\', \'Mars is the fourth planet from the Sun. The surface of Mars is orange-red because it is covered in iron(III) oxide dust, giving it the nickname \\"the Red Planet\\".[21][22] Mars hosts many enormous extinct volcanos (such as Olympus Mons, 21.9 km or 13.6 mi tall) and one of the largest canyons in the Solar System (Valles Marineris, 4,000 km or 2,500 mi long). For comparison, Mars\\\'s diameter is 6,779 km (4,212 mi). It is the second smallest of the Solar System\\\'s planets.\', \'1704971604_50c6200b43474b9dc61c.png\')')
 2 SYSTEMPATH\Database\BaseConnection.php(607): CodeIgniter\Database\BaseConnection->simpleQuery('INSERT INTO `gezegenler` (`baslik`, `url`, `icerik`, `resim`) VALUES (\'Mars\', \'mars\', \'Mars is the fourth planet from the Sun. The surface of Mars is orange-red because it is covered in iron(III) oxide dust, giving it the nickname \\"the Red Planet\\".[21][22] Mars hosts many enormous extinct volcanos (such as Olympus Mons, 21.9 km or 13.6 mi tall) and one of the largest canyons in the Solar System (Valles Marineris, 4,000 km or 2,500 mi long). For comparison, Mars\\\'s diameter is 6,779 km (4,212 mi). It is the second smallest of the Solar System\\\'s planets.\', \'1704971604_50c6200b43474b9dc61c.png\')')
 3 SYSTEMPATH\Database\BaseBuilder.php(2302): CodeIgniter\Database\BaseConnection->query('INSERT INTO `gezegenler` (`baslik`, `url`, `icerik`, `resim`) VALUES (:baslik:, :url:, :icerik:, :resim:)', [...], false)
 4 APPPATH\Models\PanelModel.php(24): CodeIgniter\Database\BaseBuilder->insert([...])
 5 APPPATH\Controllers\Panel.php(69): App\Models\PanelModel->veri_ekle('Mars', 'mars', 'Mars is the fourth planet from the Sun. The surface of Mars is orange-red because it is covered in iron(III) oxide dust, giving it the nickname "the Red Planet".[21][22] Mars hosts many enormous extinct volcanos (such as Olympus Mons, 21.9 km or 13.6 mi tall) and one of the largest canyons in the Solar System (Valles Marineris, 4,000 km or 2,500 mi long). For comparison, Mars\'s diameter is 6,779 km (4,212 mi). It is the second smallest of the Solar System\'s planets.', '1704971604_50c6200b43474b9dc61c.png')
 6 SYSTEMPATH\CodeIgniter.php(941): App\Controllers\Panel->kayit_ekle()
 7 SYSTEMPATH\CodeIgniter.php(502): CodeIgniter\CodeIgniter->runController(Object(App\Controllers\Panel))
 8 SYSTEMPATH\CodeIgniter.php(361): CodeIgniter\CodeIgniter->handleRequest(null, Object(Config\Cache), false)
 9 FCPATH\index.php(79): CodeIgniter\CodeIgniter->run()
CRITICAL - 2024-01-11 11:13:24 --> [Caused by] mysqli_sql_exception: Duplicate entry '0' for key 'gezegenler.PRIMARY'
in SYSTEMPATH\Database\MySQLi\Connection.php on line 306.
 1 SYSTEMPATH\Database\MySQLi\Connection.php(306): mysqli->query('INSERT INTO `gezegenler` (`baslik`, `url`, `icerik`, `resim`) VALUES (\'Mars\', \'mars\', \'Mars is the fourth planet from the Sun. The surface of Mars is orange-red because it is covered in iron(III) oxide dust, giving it the nickname \\"the Red Planet\\".[21][22] Mars hosts many enormous extinct volcanos (such as Olympus Mons, 21.9 km or 13.6 mi tall) and one of the largest canyons in the Solar System (Valles Marineris, 4,000 km or 2,500 mi long). For comparison, Mars\\\'s diameter is 6,779 km (4,212 mi). It is the second smallest of the Solar System\\\'s planets.\', \'1704971604_50c6200b43474b9dc61c.png\')', 0)
 2 SYSTEMPATH\Database\BaseConnection.php(693): CodeIgniter\Database\MySQLi\Connection->execute('INSERT INTO `gezegenler` (`baslik`, `url`, `icerik`, `resim`) VALUES (\'Mars\', \'mars\', \'Mars is the fourth planet from the Sun. The surface of Mars is orange-red because it is covered in iron(III) oxide dust, giving it the nickname \\"the Red Planet\\".[21][22] Mars hosts many enormous extinct volcanos (such as Olympus Mons, 21.9 km or 13.6 mi tall) and one of the largest canyons in the Solar System (Valles Marineris, 4,000 km or 2,500 mi long). For comparison, Mars\\\'s diameter is 6,779 km (4,212 mi). It is the second smallest of the Solar System\\\'s planets.\', \'1704971604_50c6200b43474b9dc61c.png\')')
 3 SYSTEMPATH\Database\BaseConnection.php(607): CodeIgniter\Database\BaseConnection->simpleQuery('INSERT INTO `gezegenler` (`baslik`, `url`, `icerik`, `resim`) VALUES (\'Mars\', \'mars\', \'Mars is the fourth planet from the Sun. The surface of Mars is orange-red because it is covered in iron(III) oxide dust, giving it the nickname \\"the Red Planet\\".[21][22] Mars hosts many enormous extinct volcanos (such as Olympus Mons, 21.9 km or 13.6 mi tall) and one of the largest canyons in the Solar System (Valles Marineris, 4,000 km or 2,500 mi long). For comparison, Mars\\\'s diameter is 6,779 km (4,212 mi). It is the second smallest of the Solar System\\\'s planets.\', \'1704971604_50c6200b43474b9dc61c.png\')')
 4 SYSTEMPATH\Database\BaseBuilder.php(2302): CodeIgniter\Database\BaseConnection->query('INSERT INTO `gezegenler` (`baslik`, `url`, `icerik`, `resim`) VALUES (:baslik:, :url:, :icerik:, :resim:)', [...], false)
 5 APPPATH\Models\PanelModel.php(24): CodeIgniter\Database\BaseBuilder->insert([...])
 6 APPPATH\Controllers\Panel.php(69): App\Models\PanelModel->veri_ekle('Mars', 'mars', 'Mars is the fourth planet from the Sun. The surface of Mars is orange-red because it is covered in iron(III) oxide dust, giving it the nickname "the Red Planet".[21][22] Mars hosts many enormous extinct volcanos (such as Olympus Mons, 21.9 km or 13.6 mi tall) and one of the largest canyons in the Solar System (Valles Marineris, 4,000 km or 2,500 mi long). For comparison, Mars\'s diameter is 6,779 km (4,212 mi). It is the second smallest of the Solar System\'s planets.', '1704971604_50c6200b43474b9dc61c.png')
 7 SYSTEMPATH\CodeIgniter.php(941): App\Controllers\Panel->kayit_ekle()
 8 SYSTEMPATH\CodeIgniter.php(502): CodeIgniter\CodeIgniter->runController(Object(App\Controllers\Panel))
 9 SYSTEMPATH\CodeIgniter.php(361): CodeIgniter\CodeIgniter->handleRequest(null, Object(Config\Cache), false)
10 FCPATH\index.php(79): CodeIgniter\CodeIgniter->run()
INFO - 2024-01-11 11:20:25 --> Session: Class initialized using 'CodeIgniter\Session\Handlers\FileHandler' driver.
INFO - 2024-01-11 11:20:29 --> Session: Class initialized using 'CodeIgniter\Session\Handlers\FileHandler' driver.
ERROR - 2024-01-11 11:20:29 --> mysqli_sql_exception: Table 'gezegenler.tanrilar' doesn't exist in D:\Uygulamalar\Wamp\www\gezegenler\system\Database\MySQLi\Connection.php:306
Stack trace:
#0 D:\Uygulamalar\Wamp\www\gezegenler\system\Database\MySQLi\Connection.php(306): mysqli->query('SELECT *\nFROM `...', 0)
#1 D:\Uygulamalar\Wamp\www\gezegenler\system\Database\BaseConnection.php(693): CodeIgniter\Database\MySQLi\Connection->execute('SELECT *\nFROM `...')
#2 D:\Uygulamalar\Wamp\www\gezegenler\system\Database\BaseConnection.php(607): CodeIgniter\Database\BaseConnection->simpleQuery('SELECT *\nFROM `...')
#3 D:\Uygulamalar\Wamp\www\gezegenler\system\Database\BaseBuilder.php(1613): CodeIgniter\Database\BaseConnection->query('SELECT *\nFROM `...', Array, false)
#4 D:\Uygulamalar\Wamp\www\gezegenler\system\Model.php(242): CodeIgniter\Database\BaseBuilder->get()
#5 D:\Uygulamalar\Wamp\www\gezegenler\system\BaseModel.php(638): CodeIgniter\Model->doFindAll(0, 0)
#6 D:\Uygulamalar\Wamp\www\gezegenler\app\Models\AnasayfaModel.php(15): CodeIgniter\BaseModel->findAll()
#7 D:\Uygulamalar\Wamp\www\gezegenler\app\Controllers\Panel.php(93): App\Models\AnasayfaModel->kayitlar()
#8 D:\Uygulamalar\Wamp\www\gezegenler\system\CodeIgniter.php(941): App\Controllers\Panel->kayit_listele()
#9 D:\Uygulamalar\Wamp\www\gezegenler\system\CodeIgniter.php(502): CodeIgniter\CodeIgniter->runController(Object(App\Controllers\Panel))
#10 D:\Uygulamalar\Wamp\www\gezegenler\system\CodeIgniter.php(361): CodeIgniter\CodeIgniter->handleRequest(NULL, Object(Config\Cache), false)
#11 D:\Uygulamalar\Wamp\www\gezegenler\public\index.php(79): CodeIgniter\CodeIgniter->run()
#12 {main}
CRITICAL - 2024-01-11 11:20:29 --> CodeIgniter\Database\Exceptions\DatabaseException: Table 'gezegenler.tanrilar' doesn't exist
in SYSTEMPATH\Database\BaseConnection.php on line 647.
 1 SYSTEMPATH\Database\BaseBuilder.php(1613): CodeIgniter\Database\BaseConnection->query('SELECT *
FROM `tanrilar`', [], false)
 2 SYSTEMPATH\Model.php(242): CodeIgniter\Database\BaseBuilder->get()
 3 SYSTEMPATH\BaseModel.php(638): CodeIgniter\Model->doFindAll(0, 0)
 4 APPPATH\Models\AnasayfaModel.php(15): CodeIgniter\BaseModel->findAll()
 5 APPPATH\Controllers\Panel.php(93): App\Models\AnasayfaModel->kayitlar()
 6 SYSTEMPATH\CodeIgniter.php(941): App\Controllers\Panel->kayit_listele()
 7 SYSTEMPATH\CodeIgniter.php(502): CodeIgniter\CodeIgniter->runController(Object(App\Controllers\Panel))
 8 SYSTEMPATH\CodeIgniter.php(361): CodeIgniter\CodeIgniter->handleRequest(null, Object(Config\Cache), false)
 9 FCPATH\index.php(79): CodeIgniter\CodeIgniter->run()
CRITICAL - 2024-01-11 11:20:29 --> [Caused by] CodeIgniter\Database\Exceptions\DatabaseException: Table 'gezegenler.tanrilar' doesn't exist
in SYSTEMPATH\Database\MySQLi\Connection.php on line 311.
 1 SYSTEMPATH\Database\BaseConnection.php(693): CodeIgniter\Database\MySQLi\Connection->execute('SELECT *
FROM `tanrilar`')
 2 SYSTEMPATH\Database\BaseConnection.php(607): CodeIgniter\Database\BaseConnection->simpleQuery('SELECT *
FROM `tanrilar`')
 3 SYSTEMPATH\Database\BaseBuilder.php(1613): CodeIgniter\Database\BaseConnection->query('SELECT *
FROM `tanrilar`', [], false)
 4 SYSTEMPATH\Model.php(242): CodeIgniter\Database\BaseBuilder->get()
 5 SYSTEMPATH\BaseModel.php(638): CodeIgniter\Model->doFindAll(0, 0)
 6 APPPATH\Models\AnasayfaModel.php(15): CodeIgniter\BaseModel->findAll()
 7 APPPATH\Controllers\Panel.php(93): App\Models\AnasayfaModel->kayitlar()
 8 SYSTEMPATH\CodeIgniter.php(941): App\Controllers\Panel->kayit_listele()
 9 SYSTEMPATH\CodeIgniter.php(502): CodeIgniter\CodeIgniter->runController(Object(App\Controllers\Panel))
10 SYSTEMPATH\CodeIgniter.php(361): CodeIgniter\CodeIgniter->handleRequest(null, Object(Config\Cache), false)
11 FCPATH\index.php(79): CodeIgniter\CodeIgniter->run()
CRITICAL - 2024-01-11 11:20:29 --> [Caused by] mysqli_sql_exception: Table 'gezegenler.tanrilar' doesn't exist
in SYSTEMPATH\Database\MySQLi\Connection.php on line 306.
 1 SYSTEMPATH\Database\MySQLi\Connection.php(306): mysqli->query('SELECT *
FROM `tanrilar`', 0)
 2 SYSTEMPATH\Database\BaseConnection.php(693): CodeIgniter\Database\MySQLi\Connection->execute('SELECT *
FROM `tanrilar`')
 3 SYSTEMPATH\Database\BaseConnection.php(607): CodeIgniter\Database\BaseConnection->simpleQuery('SELECT *
FROM `tanrilar`')
 4 SYSTEMPATH\Database\BaseBuilder.php(1613): CodeIgniter\Database\BaseConnection->query('SELECT *
FROM `tanrilar`', [], false)
 5 SYSTEMPATH\Model.php(242): CodeIgniter\Database\BaseBuilder->get()
 6 SYSTEMPATH\BaseModel.php(638): CodeIgniter\Model->doFindAll(0, 0)
 7 APPPATH\Models\AnasayfaModel.php(15): CodeIgniter\BaseModel->findAll()
 8 APPPATH\Controllers\Panel.php(93): App\Models\AnasayfaModel->kayitlar()
 9 SYSTEMPATH\CodeIgniter.php(941): App\Controllers\Panel->kayit_listele()
10 SYSTEMPATH\CodeIgniter.php(502): CodeIgniter\CodeIgniter->runController(Object(App\Controllers\Panel))
11 SYSTEMPATH\CodeIgniter.php(361): CodeIgniter\CodeIgniter->handleRequest(null, Object(Config\Cache), false)
12 FCPATH\index.php(79): CodeIgniter\CodeIgniter->run()
